#
# There is insufficient memory for the Java Runtime Environment to continue.
# Native memory allocation (malloc) failed to allocate 262160 bytes for Chunk::new
# Possible reasons:
#   The system is out of physical RAM or swap space
#   The process is running with CompressedOops enabled, and the Java Heap may be blocking the growth of the native heap
# Possible solutions:
#   Reduce memory load on the system
#   Increase physical memory or swap space
#   Check if swap backing store is full
#   Decrease Java heap size (-Xmx/-Xms)
#   Decrease number of Java threads
#   Decrease Java thread stack sizes (-Xss)
#   Set larger code cache with -XX:ReservedCodeCacheSize=
#   JVM is running with Unscaled Compressed Oops mode in which the Java heap is
#     placed in the first 4GB address space. The Java Heap base address is the
#     maximum limit for the native heap growth. Please use -XX:HeapBaseMinAddress
#     to set the Java Heap base and to place the Java Heap above 4GB virtual address.
# This output file may be truncated or incomplete.
#
#  Out of Memory Error (./src/hotspot/share/memory/arena.cpp:197), pid=5564, tid=3764
#
# JRE version: OpenJDK Runtime Environment (11.0.8+10) (build 11.0.8+10-b944.6842174)
# Java VM: OpenJDK 64-Bit Server VM (11.0.8+10-b944.6842174, mixed mode, tiered, compressed oops, g1 gc, windows-amd64)
# No core dump will be written. Minidumps are not enabled by default on client versions of Windows
#

---------------  S U M M A R Y ------------

Command Line: org.jetbrains.kotlin.cli.jvm.K2JVMCompiler @D:\AndroidProjects\Affirmation\app\build\20210813_9830696685302018074.compiler.options

Host: Intel(R) Core(TM) i3-2370M CPU @ 2.40GHz, 4 cores, 3G,  Windows 10 , 64 bit Build 17763 (10.0.17763.2090)
Time: Fri Aug 13 16:15:41 2021 RTZ 2 (ceia) elapsed time: 10 seconds (0d 0h 0m 10s)

---------------  T H R E A D  ---------------

Current thread (0x000002471d93b000):  JavaThread "C2 CompilerThread1" daemon [_thread_in_native, id=3764, stack(0x000000fba7700000,0x000000fba7800000)]


Current CompileTask:
C2:  10975 6807       4       org.jetbrains.kotlin.types.TypeUtils::contains (298 bytes)

Stack: [0x000000fba7700000,0x000000fba7800000]
Native frames: (J=compiled Java code, j=interpreted, Vv=VM code, C=native code)
V  [jvm.dll+0x5de50a]
V  [jvm.dll+0x7122f5]
V  [jvm.dll+0x71384d]
V  [jvm.dll+0x713f03]
V  [jvm.dll+0x23e728]
V  [jvm.dll+0xb899c]
V  [jvm.dll+0xb8e9c]
V  [jvm.dll+0x60aafc]
V  [jvm.dll+0x60ae22]
V  [jvm.dll+0x50bd43]
V  [jvm.dll+0x4fec09]
V  [jvm.dll+0x4fee6e]
V  [jvm.dll+0x4fa918]
V  [jvm.dll+0x4fa937]
V  [jvm.dll+0x4fa937]
V  [jvm.dll+0x4fa937]
V  [jvm.dll+0x4fa937]
V  [jvm.dll+0x4fa937]
V  [jvm.dll+0x4fa937]
V  [jvm.dll+0x4fa937]
V  [jvm.dll+0x4fa937]
V  [jvm.dll+0x502678]
V  [jvm.dll+0x1f8efd]
V  [jvm.dll+0x1f685f]
V  [jvm.dll+0x17f32c]
V  [jvm.dll+0x205047]
V  [jvm.dll+0x203891]
V  [jvm.dll+0x6dad3f]
V  [jvm.dll+0x6d3895]
V  [jvm.dll+0x5dd4a6]
C  [ucrtbase.dll+0x2268a]
C  [KERNEL32.DLL+0x17974]
C  [ntdll.dll+0x5a2f1]


---------------  P R O C E S S  ---------------

Threads class SMR info:
_java_thread_list=0x000002471d92dc10, length=11, elements={
0x0000024705b7b000, 0x000002471ce3a000, 0x000002471ce44000, 0x000002471ce99000,
0x000002471ce9a000, 0x000002471ce9d000, 0x000002471cea1800, 0x000002471cea5800,
0x000002471d93c800, 0x000002471d93d800, 0x000002471d93b000
}

Java Threads: ( => current thread )
  0x0000024705b7b000 JavaThread "main" [_thread_in_Java, id=4248, stack(0x000000fba6600000,0x000000fba6700000)]
  0x000002471ce3a000 JavaThread "Reference Handler" daemon [_thread_blocked, id=1484, stack(0x000000fba6d00000,0x000000fba6e00000)]
  0x000002471ce44000 JavaThread "Finalizer" daemon [_thread_blocked, id=6036, stack(0x000000fba6e00000,0x000000fba6f00000)]
  0x000002471ce99000 JavaThread "Signal Dispatcher" daemon [_thread_blocked, id=6836, stack(0x000000fba6f00000,0x000000fba7000000)]
  0x000002471ce9a000 JavaThread "Attach Listener" daemon [_thread_blocked, id=3004, stack(0x000000fba7000000,0x000000fba7100000)]
  0x000002471ce9d000 JavaThread "C2 CompilerThread0" daemon [_thread_in_native, id=1316, stack(0x000000fba7100000,0x000000fba7200000)]
  0x000002471cea1800 JavaThread "C1 CompilerThread0" daemon [_thread_in_native, id=5512, stack(0x000000fba7200000,0x000000fba7300000)]
  0x000002471cea5800 JavaThread "Sweeper thread" daemon [_thread_blocked, id=5668, stack(0x000000fba7300000,0x000000fba7400000)]
  0x000002471d93c800 JavaThread "Service Thread" daemon [_thread_blocked, id=6272, stack(0x000000fba7400000,0x000000fba7500000)]
  0x000002471d93d800 JavaThread "Common-Cleaner" daemon [_thread_blocked, id=800, stack(0x000000fba7600000,0x000000fba7700000)]
=>0x000002471d93b000 JavaThread "C2 CompilerThread1" daemon [_thread_in_native, id=3764, stack(0x000000fba7700000,0x000000fba7800000)]

Other Threads:
  0x000002471ce15800 VMThread "VM Thread" [stack: 0x000000fba6c00000,0x000000fba6d00000] [id=4900]
  0x000002471d938000 WatcherThread [stack: 0x000000fba7500000,0x000000fba7600000] [id=6012]
  0x0000024705b94000 GCTaskThread "GC Thread#0" [stack: 0x000000fba6700000,0x000000fba6800000] [id=2428]
  0x000002471df5a800 GCTaskThread "GC Thread#1" [stack: 0x000000fba7800000,0x000000fba7900000] [id=4068]
  0x0000024705bb0000 ConcurrentGCThread "G1 Main Marker" [stack: 0x000000fba6800000,0x000000fba6900000] [id=4784]
  0x0000024705bb1800 ConcurrentGCThread "G1 Conc#0" [stack: 0x000000fba6900000,0x000000fba6a00000] [id=3480]
  0x0000024705c09000 ConcurrentGCThread "G1 Refine#0" [stack: 0x000000fba6a00000,0x000000fba6b00000] [id=6592]
  0x000002471f89a000 ConcurrentGCThread "G1 Refine#1" [stack: 0x000000fba7900000,0x000000fba7a00000] [id=400]
  0x0000024705c0a000 ConcurrentGCThread "G1 Young RemSet Sampling" [stack: 0x000000fba6b00000,0x000000fba6c00000] [id=1276]

Threads with active compile tasks:
C2 CompilerThread0  11015 6946   !   4       jdk.internal.loader.BuiltinClassLoader::findClassOnClassPathOrNull (64 bytes)
C1 CompilerThread0  11015 6988       3       org.jetbrains.kotlin.types.TypeConstructorSubstitution$Companion::create (237 bytes)
C2 CompilerThread1  11015 6807       4       org.jetbrains.kotlin.types.TypeUtils::contains (298 bytes)

VM state:not at safepoint (normal execution)

VM Mutex/Monitor currently owned by a thread:  ([mutex/lock_event])
[0x0000024705b78a70] MethodCompileQueue_lock - owner thread: 0x0000000000000000

Heap address: 0x00000000c2800000, size: 984 MB, Compressed Oops mode: 32-bit
Narrow klass base: 0x0000000000000000, Narrow klass shift: 3
Compressed class space size: 1073741824 Address: 0x0000000100000000

Heap:
 garbage-first heap   total 124928K, used 51991K [0x00000000c2800000, 0x0000000100000000)
  region size 1024K, 5 young (5120K), 2 survivors (2048K)
 Metaspace       used 59227K, capacity 59788K, committed 60060K, reserved 1101824K
  class space    used 6635K, capacity 6843K, committed 6860K, reserved 1048576K
Heap Regions: E=young(eden), S=young(survivor), O=old, HS=humongous(starts), HC=humongous(continues), CS=collection set, F=free, A=archive, TAMS=top-at-mark-start (previous, next)
|   0|0x00000000c2800000, 0x00000000c2900000, 0x00000000c2900000|100%|HS|  |TAMS 0x00000000c2900000, 0x00000000c2800000| Complete 
|   1|0x00000000c2900000, 0x00000000c2a00000, 0x00000000c2a00000|100%|HC|  |TAMS 0x00000000c2a00000, 0x00000000c2900000| Complete 
|   2|0x00000000c2a00000, 0x00000000c2b00000, 0x00000000c2b00000|100%|HC|  |TAMS 0x00000000c2b00000, 0x00000000c2a00000| Complete 
|   3|0x00000000c2b00000, 0x00000000c2c00000, 0x00000000c2c00000|100%| O|  |TAMS 0x00000000c2c00000, 0x00000000c2b00000| Updating 
|   4|0x00000000c2c00000, 0x00000000c2d00000, 0x00000000c2d00000|100%| O|  |TAMS 0x00000000c2d00000, 0x00000000c2c00000| Updating 
|   5|0x00000000c2d00000, 0x00000000c2e00000, 0x00000000c2e00000|100%| O|  |TAMS 0x00000000c2e00000, 0x00000000c2d00000| Updating 
|   6|0x00000000c2e00000, 0x00000000c2f00000, 0x00000000c2f00000|100%| O|  |TAMS 0x00000000c2f00000, 0x00000000c2e00000| Updating 
|   7|0x00000000c2f00000, 0x00000000c3000000, 0x00000000c3000000|100%| O|  |TAMS 0x00000000c3000000, 0x00000000c2f00000| Updating 
|   8|0x00000000c3000000, 0x00000000c3100000, 0x00000000c3100000|100%| O|  |TAMS 0x00000000c3100000, 0x00000000c3000000| Updating 
|   9|0x00000000c3100000, 0x00000000c3200000, 0x00000000c3200000|100%|HS|  |TAMS 0x00000000c3200000, 0x00000000c3100000| Complete 
|  10|0x00000000c3200000, 0x00000000c3300000, 0x00000000c3300000|100%|HC|  |TAMS 0x00000000c3300000, 0x00000000c3200000| Complete 
|  11|0x00000000c3300000, 0x00000000c3400000, 0x00000000c3400000|100%|HC|  |TAMS 0x00000000c3400000, 0x00000000c3300000| Complete 
|  12|0x00000000c3400000, 0x00000000c3500000, 0x00000000c3500000|100%|HS|  |TAMS 0x00000000c3500000, 0x00000000c3400000| Complete 
|  13|0x00000000c3500000, 0x00000000c3600000, 0x00000000c3600000|100%|HC|  |TAMS 0x00000000c3600000, 0x00000000c3500000| Complete 
|  14|0x00000000c3600000, 0x00000000c3700000, 0x00000000c3700000|100%|HC|  |TAMS 0x00000000c3700000, 0x00000000c3600000| Complete 
|  15|0x00000000c3700000, 0x00000000c3800000, 0x00000000c3800000|100%|HS|  |TAMS 0x00000000c3800000, 0x00000000c3700000| Complete 
|  16|0x00000000c3800000, 0x00000000c3900000, 0x00000000c3900000|100%|HC|  |TAMS 0x00000000c3900000, 0x00000000c3800000| Complete 
|  17|0x00000000c3900000, 0x00000000c3a00000, 0x00000000c3a00000|100%| O|  |TAMS 0x00000000c3a00000, 0x00000000c3900000| Updating 
|  18|0x00000000c3a00000, 0x00000000c3b00000, 0x00000000c3b00000|100%| O|  |TAMS 0x00000000c3b00000, 0x00000000c3a00000| Updating 
|  19|0x00000000c3b00000, 0x00000000c3c00000, 0x00000000c3c00000|100%| O|  |TAMS 0x00000000c3c00000, 0x00000000c3b00000| Updating 
|  20|0x00000000c3c00000, 0x00000000c3d00000, 0x00000000c3d00000|100%| O|  |TAMS 0x00000000c3d00000, 0x00000000c3c00000| Updating 
|  21|0x00000000c3d00000, 0x00000000c3e00000, 0x00000000c3e00000|100%| O|  |TAMS 0x00000000c3e00000, 0x00000000c3d00000| Updating 
|  22|0x00000000c3e00000, 0x00000000c3f00000, 0x00000000c3f00000|100%| O|  |TAMS 0x00000000c3f00000, 0x00000000c3e00000| Updating 
|  23|0x00000000c3f00000, 0x00000000c4000000, 0x00000000c4000000|100%| O|  |TAMS 0x00000000c4000000, 0x00000000c3f00000| Updating 
|  24|0x00000000c4000000, 0x00000000c4100000, 0x00000000c4100000|100%| O|  |TAMS 0x00000000c4100000, 0x00000000c4000000| Updating 
|  25|0x00000000c4100000, 0x00000000c4200000, 0x00000000c4200000|100%| O|  |TAMS 0x00000000c4200000, 0x00000000c4100000| Updating 
|  26|0x00000000c4200000, 0x00000000c4300000, 0x00000000c4300000|100%| O|  |TAMS 0x00000000c4300000, 0x00000000c4200000| Updating 
|  27|0x00000000c4300000, 0x00000000c4400000, 0x00000000c4400000|100%| O|  |TAMS 0x00000000c4400000, 0x00000000c4300000| Updating 
|  28|0x00000000c4400000, 0x00000000c4500000, 0x00000000c4500000|100%| O|  |TAMS 0x00000000c4500000, 0x00000000c4400000| Updating 
|  29|0x00000000c4500000, 0x00000000c4600000, 0x00000000c4600000|100%| O|  |TAMS 0x00000000c4600000, 0x00000000c4500000| Updating 
|  30|0x00000000c4600000, 0x00000000c4700000, 0x00000000c4700000|100%| O|  |TAMS 0x00000000c4700000, 0x00000000c4600000| Updating 
|  31|0x00000000c4700000, 0x00000000c4800000, 0x00000000c4800000|100%| O|  |TAMS 0x00000000c4800000, 0x00000000c4700000| Updating 
|  32|0x00000000c4800000, 0x00000000c4900000, 0x00000000c4900000|100%| O|  |TAMS 0x00000000c4900000, 0x00000000c4800000| Updating 
|  33|0x00000000c4900000, 0x00000000c4a00000, 0x00000000c4a00000|100%| O|  |TAMS 0x00000000c4a00000, 0x00000000c4900000| Updating 
|  34|0x00000000c4a00000, 0x00000000c4b00000, 0x00000000c4b00000|100%| O|  |TAMS 0x00000000c4b00000, 0x00000000c4a00000| Updating 
|  35|0x00000000c4b00000, 0x00000000c4c00000, 0x00000000c4c00000|100%| O|  |TAMS 0x00000000c4c00000, 0x00000000c4b00000| Updating 
|  36|0x00000000c4c00000, 0x00000000c4d00000, 0x00000000c4d00000|100%| O|  |TAMS 0x00000000c4d00000, 0x00000000c4c00000| Updating 
|  37|0x00000000c4d00000, 0x00000000c4e00000, 0x00000000c4e00000|100%| O|  |TAMS 0x00000000c4e00000, 0x00000000c4d00000| Updating 
|  38|0x00000000c4e00000, 0x00000000c4f00000, 0x00000000c4f00000|100%| O|  |TAMS 0x00000000c4f00000, 0x00000000c4e00000| Updating 
|  39|0x00000000c4f00000, 0x00000000c5000000, 0x00000000c5000000|100%| O|  |TAMS 0x00000000c5000000, 0x00000000c4f00000| Updating 
|  40|0x00000000c5000000, 0x00000000c5100000, 0x00000000c5100000|100%| O|  |TAMS 0x00000000c5100000, 0x00000000c5000000| Updating 
|  41|0x00000000c5100000, 0x00000000c5200000, 0x00000000c5200000|100%| O|  |TAMS 0x00000000c5200000, 0x00000000c5100000| Updating 
|  42|0x00000000c5200000, 0x00000000c5300000, 0x00000000c5300000|100%| O|  |TAMS 0x00000000c5300000, 0x00000000c5200000| Updating 
|  43|0x00000000c5300000, 0x00000000c5400000, 0x00000000c5400000|100%| O|  |TAMS 0x00000000c5400000, 0x00000000c5300000| Updating 
|  44|0x00000000c5400000, 0x00000000c5500000, 0x00000000c5500000|100%| O|  |TAMS 0x00000000c5500000, 0x00000000c5400000| Updating 
|  45|0x00000000c5500000, 0x00000000c5600000, 0x00000000c5600000|100%| O|  |TAMS 0x00000000c5600000, 0x00000000c5500000| Updating 
|  46|0x00000000c5600000, 0x00000000c56c5c00, 0x00000000c5700000| 77%| O|  |TAMS 0x00000000c56c5c00, 0x00000000c5600000| Updating 
|  47|0x00000000c5700000, 0x00000000c5700000, 0x00000000c5800000|  0%| F|  |TAMS 0x00000000c5700000, 0x00000000c5700000| Untracked 
|  48|0x00000000c5800000, 0x00000000c5800000, 0x00000000c5900000|  0%| F|  |TAMS 0x00000000c5800000, 0x00000000c5800000| Untracked 
|  49|0x00000000c5900000, 0x00000000c5900000, 0x00000000c5a00000|  0%| F|  |TAMS 0x00000000c5900000, 0x00000000c5900000| Untracked 
|  50|0x00000000c5a00000, 0x00000000c5a00000, 0x00000000c5b00000|  0%| F|  |TAMS 0x00000000c5a00000, 0x00000000c5a00000| Untracked 
|  51|0x00000000c5b00000, 0x00000000c5b00000, 0x00000000c5c00000|  0%| F|  |TAMS 0x00000000c5b00000, 0x00000000c5b00000| Untracked 
|  52|0x00000000c5c00000, 0x00000000c5c00000, 0x00000000c5d00000|  0%| F|  |TAMS 0x00000000c5c00000, 0x00000000c5c00000| Untracked 
|  53|0x00000000c5d00000, 0x00000000c5d00000, 0x00000000c5e00000|  0%| F|  |TAMS 0x00000000c5d00000, 0x00000000c5d00000| Untracked 
|  54|0x00000000c5e00000, 0x00000000c5e00000, 0x00000000c5f00000|  0%| F|  |TAMS 0x00000000c5e00000, 0x00000000c5e00000| Untracked 
|  55|0x00000000c5f00000, 0x00000000c5f00000, 0x00000000c6000000|  0%| F|  |TAMS 0x00000000c5f00000, 0x00000000c5f00000| Untracked 
|  56|0x00000000c6000000, 0x00000000c6000000, 0x00000000c6100000|  0%| F|  |TAMS 0x00000000c6000000, 0x00000000c6000000| Untracked 
|  57|0x00000000c6100000, 0x00000000c6100000, 0x00000000c6200000|  0%| F|  |TAMS 0x00000000c6100000, 0x00000000c6100000| Untracked 
|  58|0x00000000c6200000, 0x00000000c6200000, 0x00000000c6300000|  0%| F|  |TAMS 0x00000000c6200000, 0x00000000c6200000| Untracked 
|  59|0x00000000c6300000, 0x00000000c6300000, 0x00000000c6400000|  0%| F|  |TAMS 0x00000000c6300000, 0x00000000c6300000| Untracked 
|  60|0x00000000c6400000, 0x00000000c6400000, 0x00000000c6500000|  0%| F|  |TAMS 0x00000000c6400000, 0x00000000c6400000| Untracked 
|  61|0x00000000c6500000, 0x00000000c6500000, 0x00000000c6600000|  0%| F|  |TAMS 0x00000000c6500000, 0x00000000c6500000| Untracked 
|  62|0x00000000c6600000, 0x00000000c6600000, 0x00000000c6700000|  0%| F|  |TAMS 0x00000000c6600000, 0x00000000c6600000| Untracked 
|  63|0x00000000c6700000, 0x00000000c6700000, 0x00000000c6800000|  0%| F|  |TAMS 0x00000000c6700000, 0x00000000c6700000| Untracked 
|  64|0x00000000c6800000, 0x00000000c6800000, 0x00000000c6900000|  0%| F|  |TAMS 0x00000000c6800000, 0x00000000c6800000| Untracked 
|  65|0x00000000c6900000, 0x00000000c6900000, 0x00000000c6a00000|  0%| F|  |TAMS 0x00000000c6900000, 0x00000000c6900000| Untracked 
|  66|0x00000000c6a00000, 0x00000000c6b00000, 0x00000000c6b00000|100%| S|CS|TAMS 0x00000000c6a00000, 0x00000000c6a00000| Complete 
|  67|0x00000000c6b00000, 0x00000000c6b00000, 0x00000000c6c00000|  0%| F|  |TAMS 0x00000000c6b00000, 0x00000000c6b00000| Untracked 
|  68|0x00000000c6c00000, 0x00000000c6d00000, 0x00000000c6d00000|100%| S|CS|TAMS 0x00000000c6c00000, 0x00000000c6c00000| Complete 
|  69|0x00000000c6d00000, 0x00000000c6d00000, 0x00000000c6e00000|  0%| F|  |TAMS 0x00000000c6d00000, 0x00000000c6d00000| Untracked 
|  70|0x00000000c6e00000, 0x00000000c6e00000, 0x00000000c6f00000|  0%| F|  |TAMS 0x00000000c6e00000, 0x00000000c6e00000| Untracked 
|  71|0x00000000c6f00000, 0x00000000c6f00000, 0x00000000c7000000|  0%| F|  |TAMS 0x00000000c6f00000, 0x00000000c6f00000| Untracked 
|  72|0x00000000c7000000, 0x00000000c7000000, 0x00000000c7100000|  0%| F|  |TAMS 0x00000000c7000000, 0x00000000c7000000| Untracked 
|  73|0x00000000c7100000, 0x00000000c7100000, 0x00000000c7200000|  0%| F|  |TAMS 0x00000000c7100000, 0x00000000c7100000| Untracked 
|  74|0x00000000c7200000, 0x00000000c7200000, 0x00000000c7300000|  0%| F|  |TAMS 0x00000000c7200000, 0x00000000c7200000| Untracked 
|  75|0x00000000c7300000, 0x00000000c7300000, 0x00000000c7400000|  0%| F|  |TAMS 0x00000000c7300000, 0x00000000c7300000| Untracked 
|  76|0x00000000c7400000, 0x00000000c7400000, 0x00000000c7500000|  0%| F|  |TAMS 0x00000000c7400000, 0x00000000c7400000| Untracked 
|  77|0x00000000c7500000, 0x00000000c7500000, 0x00000000c7600000|  0%| F|  |TAMS 0x00000000c7500000, 0x00000000c7500000| Untracked 
|  78|0x00000000c7600000, 0x00000000c7600000, 0x00000000c7700000|  0%| F|  |TAMS 0x00000000c7600000, 0x00000000c7600000| Untracked 
|  79|0x00000000c7700000, 0x00000000c7700000, 0x00000000c7800000|  0%| F|  |TAMS 0x00000000c7700000, 0x00000000c7700000| Untracked 
|  80|0x00000000c7800000, 0x00000000c7800000, 0x00000000c7900000|  0%| F|  |TAMS 0x00000000c7800000, 0x00000000c7800000| Untracked 
|  81|0x00000000c7900000, 0x00000000c7900000, 0x00000000c7a00000|  0%| F|  |TAMS 0x00000000c7900000, 0x00000000c7900000| Untracked 
|  82|0x00000000c7a00000, 0x00000000c7a00000, 0x00000000c7b00000|  0%| F|  |TAMS 0x00000000c7a00000, 0x00000000c7a00000| Untracked 
|  83|0x00000000c7b00000, 0x00000000c7b00000, 0x00000000c7c00000|  0%| F|  |TAMS 0x00000000c7b00000, 0x00000000c7b00000| Untracked 
|  84|0x00000000c7c00000, 0x00000000c7c00000, 0x00000000c7d00000|  0%| F|  |TAMS 0x00000000c7c00000, 0x00000000c7c00000| Untracked 
|  85|0x00000000c7d00000, 0x00000000c7d00000, 0x00000000c7e00000|  0%| F|  |TAMS 0x00000000c7d00000, 0x00000000c7d00000| Untracked 
|  86|0x00000000c7e00000, 0x00000000c7e00000, 0x00000000c7f00000|  0%| F|  |TAMS 0x00000000c7e00000, 0x00000000c7e00000| Untracked 
|  87|0x00000000c7f00000, 0x00000000c7f00000, 0x00000000c8000000|  0%| F|  |TAMS 0x00000000c7f00000, 0x00000000c7f00000| Untracked 
|  88|0x00000000c8000000, 0x00000000c8000000, 0x00000000c8100000|  0%| F|  |TAMS 0x00000000c8000000, 0x00000000c8000000| Untracked 
|  89|0x00000000c8100000, 0x00000000c8100000, 0x00000000c8200000|  0%| F|  |TAMS 0x00000000c8100000, 0x00000000c8100000| Untracked 
|  90|0x00000000c8200000, 0x00000000c8200000, 0x00000000c8300000|  0%| F|  |TAMS 0x00000000c8200000, 0x00000000c8200000| Untracked 
|  91|0x00000000c8300000, 0x00000000c8300000, 0x00000000c8400000|  0%| F|  |TAMS 0x00000000c8300000, 0x00000000c8300000| Untracked 
|  92|0x00000000c8400000, 0x00000000c8400000, 0x00000000c8500000|  0%| F|  |TAMS 0x00000000c8400000, 0x00000000c8400000| Untracked 
|  93|0x00000000c8500000, 0x00000000c8500000, 0x00000000c8600000|  0%| F|  |TAMS 0x00000000c8500000, 0x00000000c8500000| Untracked 
|  94|0x00000000c8600000, 0x00000000c8600000, 0x00000000c8700000|  0%| F|  |TAMS 0x00000000c8600000, 0x00000000c8600000| Untracked 
|  95|0x00000000c8700000, 0x00000000c8700000, 0x00000000c8800000|  0%| F|  |TAMS 0x00000000c8700000, 0x00000000c8700000| Untracked 
|  96|0x00000000c8800000, 0x00000000c8800000, 0x00000000c8900000|  0%| F|  |TAMS 0x00000000c8800000, 0x00000000c8800000| Untracked 
|  97|0x00000000c8900000, 0x00000000c8900000, 0x00000000c8a00000|  0%| F|  |TAMS 0x00000000c8900000, 0x00000000c8900000| Untracked 
|  98|0x00000000c8a00000, 0x00000000c8a00000, 0x00000000c8b00000|  0%| F|  |TAMS 0x00000000c8a00000, 0x00000000c8a00000| Untracked 
|  99|0x00000000c8b00000, 0x00000000c8b00000, 0x00000000c8c00000|  0%| F|  |TAMS 0x00000000c8b00000, 0x00000000c8b00000| Untracked 
| 100|0x00000000c8c00000, 0x00000000c8c00000, 0x00000000c8d00000|  0%| F|  |TAMS 0x00000000c8c00000, 0x00000000c8c00000| Untracked 
| 101|0x00000000c8d00000, 0x00000000c8d00000, 0x00000000c8e00000|  0%| F|  |TAMS 0x00000000c8d00000, 0x00000000c8d00000| Untracked 
| 102|0x00000000c8e00000, 0x00000000c8e00000, 0x00000000c8f00000|  0%| F|  |TAMS 0x00000000c8e00000, 0x00000000c8e00000| Untracked 
| 103|0x00000000c8f00000, 0x00000000c8f00000, 0x00000000c9000000|  0%| F|  |TAMS 0x00000000c8f00000, 0x00000000c8f00000| Untracked 
| 104|0x00000000c9000000, 0x00000000c9000000, 0x00000000c9100000|  0%| F|  |TAMS 0x00000000c9000000, 0x00000000c9000000| Untracked 
| 105|0x00000000c9100000, 0x00000000c9100000, 0x00000000c9200000|  0%| F|  |TAMS 0x00000000c9100000, 0x00000000c9100000| Untracked 
| 106|0x00000000c9200000, 0x00000000c9200000, 0x00000000c9300000|  0%| F|  |TAMS 0x00000000c9200000, 0x00000000c9200000| Untracked 
| 107|0x00000000c9300000, 0x00000000c9300000, 0x00000000c9400000|  0%| F|  |TAMS 0x00000000c9300000, 0x00000000c9300000| Untracked 
| 108|0x00000000c9400000, 0x00000000c9400000, 0x00000000c9500000|  0%| F|  |TAMS 0x00000000c9400000, 0x00000000c9400000| Untracked 
| 109|0x00000000c9500000, 0x00000000c9500000, 0x00000000c9600000|  0%| F|  |TAMS 0x00000000c9500000, 0x00000000c9500000| Untracked 
| 110|0x00000000c9600000, 0x00000000c9600000, 0x00000000c9700000|  0%| F|  |TAMS 0x00000000c9600000, 0x00000000c9600000| Untracked 
| 111|0x00000000c9700000, 0x00000000c9700000, 0x00000000c9800000|  0%| F|  |TAMS 0x00000000c9700000, 0x00000000c9700000| Untracked 
| 112|0x00000000c9800000, 0x00000000c9800000, 0x00000000c9900000|  0%| F|  |TAMS 0x00000000c9800000, 0x00000000c9800000| Untracked 
| 113|0x00000000c9900000, 0x00000000c9900000, 0x00000000c9a00000|  0%| F|  |TAMS 0x00000000c9900000, 0x00000000c9900000| Untracked 
| 114|0x00000000c9a00000, 0x00000000c9a00000, 0x00000000c9b00000|  0%| F|  |TAMS 0x00000000c9a00000, 0x00000000c9a00000| Untracked 
| 115|0x00000000c9b00000, 0x00000000c9b00000, 0x00000000c9c00000|  0%| F|  |TAMS 0x00000000c9b00000, 0x00000000c9b00000| Untracked 
| 116|0x00000000c9c00000, 0x00000000c9c00000, 0x00000000c9d00000|  0%| F|  |TAMS 0x00000000c9c00000, 0x00000000c9c00000| Untracked 
| 117|0x00000000c9d00000, 0x00000000c9d00000, 0x00000000c9e00000|  0%| F|  |TAMS 0x00000000c9d00000, 0x00000000c9d00000| Untracked 
| 118|0x00000000c9e00000, 0x00000000c9e02fc8, 0x00000000c9f00000|  1%| E|  |TAMS 0x00000000c9e00000, 0x00000000c9e00000| Complete 
| 119|0x00000000c9f00000, 0x00000000ca000000, 0x00000000ca000000|100%| E|CS|TAMS 0x00000000c9f00000, 0x00000000c9f00000| Complete 
| 120|0x00000000ca000000, 0x00000000ca100000, 0x00000000ca100000|100%| E|CS|TAMS 0x00000000ca000000, 0x00000000ca000000| Complete 
| 121|0x00000000ca100000, 0x00000000ca200000, 0x00000000ca200000|100%| E|CS|TAMS 0x00000000ca100000, 0x00000000ca100000| Complete 

Card table byte_map: [0x00000247186e0000,0x00000247188d0000] _byte_map_base: 0x00000247180cc000

Marking Bits (Prev, Next): (CMBitMap*) 0x0000024705bab740, (CMBitMap*) 0x0000024705bab708
 Prev Bits: [0x0000024719a20000, 0x000002471a980000)
 Next Bits: [0x0000024718ac0000, 0x0000024719a20000)

Polling page: 0x0000024703a00000

Metaspace:

Usage:
  Non-class:     51.70 MB capacity,    51.36 MB (>99%) used,   267.73 KB ( <1%) free+waste,    83.13 KB ( <1%) overhead. 
      Class:      6.68 MB capacity,     6.48 MB ( 97%) used,   171.81 KB (  3%) free+waste,    32.94 KB ( <1%) overhead. 
       Both:     58.39 MB capacity,    57.84 MB (>99%) used,   439.54 KB ( <1%) free+waste,   116.06 KB ( <1%) overhead. 

Virtual space:
  Non-class space:       52.00 MB reserved,      51.95 MB (>99%) committed 
      Class space:        1.00 GB reserved,       6.70 MB ( <1%) committed 
             Both:        1.05 GB reserved,      58.65 MB (  5%) committed 

Chunk freelists:
   Non-Class:  63.00 KB
       Class:  5.00 KB
        Both:  68.00 KB

MaxMetaspaceSize: 17179869184.00 GB
CompressedClassSpaceSize: 1.00 GB

CodeHeap 'non-profiled nmethods': size=120064Kb used=3018Kb max_used=3018Kb free=117045Kb
 bounds [0x0000024710fb0000, 0x00000247112b0000, 0x00000247184f0000]
CodeHeap 'profiled nmethods': size=120000Kb used=17147Kb max_used=17147Kb free=102852Kb
 bounds [0x0000024709a80000, 0x000002470ab40000, 0x0000024710fb0000]
CodeHeap 'non-nmethods': size=5696Kb used=1239Kb max_used=1284Kb free=4457Kb
 bounds [0x00000247094f0000, 0x0000024709760000, 0x0000024709a80000]
 total_blobs=7528 nmethods=6917 adapters=521
 compilation: enabled
              stopped_count=0, restarted_count=0
 full_count=0

Compilation events (20 events):
Event: 10.937 Thread 0x000002471cea1800 6971       3       org.jetbrains.kotlin.psi2ir.transformations.InsertImplicitCasts$postprocessReturnExpressions$1::visitDeclaration (6 bytes)
Event: 10.938 Thread 0x000002471cea1800 nmethod 6971 0x000002470ab2a090 code [0x000002470ab2a3e0, 0x000002470ab2b468]
Event: 10.940 Thread 0x000002471cea1800 6972       3       org.jetbrains.kotlin.psi2ir.transformations.InsertImplicitCasts$postprocessReturnExpressions$1::visitValueParameter (13 bytes)
Event: 10.942 Thread 0x000002471cea1800 nmethod 6972 0x000002470ab2ba90 code [0x000002470ab2bd80, 0x000002470ab2caa8]
Event: 10.942 Thread 0x000002471cea1800 6973       1       org.jetbrains.kotlin.psi2ir.transformations.InsertImplicitCasts::access$getTypeTranslator$p (5 bytes)
Event: 10.942 Thread 0x000002471cea1800 nmethod 6973 0x00000247112a2110 code [0x00000247112a22c0, 0x00000247112a2358]
Event: 10.943 Thread 0x000002471cea1800 6974       3       org.jetbrains.kotlin.psi2ir.transformations.InsertImplicitCasts$postprocessReturnExpressions$1::visitFunction (51 bytes)
Event: 10.945 Thread 0x000002471cea1800 nmethod 6974 0x000002470ab2cf90 code [0x000002470ab2d360, 0x000002470ab2e808]
Event: 10.945 Thread 0x000002471cea1800 6975       3       org.jetbrains.kotlin.psi2ir.transformations.InsertImplicitCasts$postprocessReturnExpressions$1::visitSimpleFunction (13 bytes)
Event: 10.946 Thread 0x000002471cea1800 nmethod 6975 0x000002470ab2f010 code [0x000002470ab2f2e0, 0x000002470ab2ffa8]
Event: 10.956 Thread 0x000002471cea1800 6976       3       org.jetbrains.kotlin.load.java.components.JavaAnnotationDescriptor$type$2::invoke (5 bytes)
Event: 10.957 Thread 0x000002471cea1800 nmethod 6976 0x000002470ab30490 code [0x000002470ab30640, 0x000002470ab30768]
Event: 10.960 Thread 0x000002471cea1800 6978       1       org.jetbrains.kotlin.load.java.components.JavaSourceElementImpl::getJavaElement (5 bytes)
Event: 10.960 Thread 0x000002471cea1800 nmethod 6978 0x00000247112a2410 code [0x00000247112a25c0, 0x00000247112a2678]
Event: 10.960 Thread 0x000002471cea1800 6979       3       org.jetbrains.kotlin.descriptors.impl.ClassConstructorDescriptorImpl::getContainingDeclaration (17 bytes)
Event: 10.961 Thread 0x000002471cea1800 nmethod 6979 0x000002470ab30810 code [0x000002470ab309e0, 0x000002470ab30d38]
Event: 10.965 Thread 0x000002471cea1800 6980       3       org.jetbrains.kotlin.metadata.ProtoBuf$Constructor::isInitialized (73 bytes)
Event: 10.966 Thread 0x000002471cea1800 nmethod 6980 0x000002470ab30e10 code [0x000002470ab31040, 0x000002470ab317d8]
Event: 10.967 Thread 0x000002471cea1800 6981       3       org.jetbrains.kotlin.descriptors.annotations.Annotations$DefaultImpls::findAnnotation (80 bytes)
Event: 10.968 Thread 0x000002471cea1800 nmethod 6981 0x000002470ab31a90 code [0x000002470ab31dc0, 0x000002470ab33028]

GC Heap History (20 events):
Event: 2.420 GC heap before
{Heap before GC invocations=4 (full 0):
 garbage-first heap   total 63488K, used 37191K [0x00000000c2800000, 0x0000000100000000)
  region size 1024K, 23 young (23552K), 1 survivors (1024K)
 Metaspace       used 26581K, capacity 26960K, committed 27132K, reserved 1073152K
  class space    used 2846K, capacity 2973K, committed 3072K, reserved 1048576K
}
Event: 2.426 GC heap after
{Heap after GC invocations=5 (full 0):
 garbage-first heap   total 63488K, used 17157K [0x00000000c2800000, 0x0000000100000000)
  region size 1024K, 3 young (3072K), 3 survivors (3072K)
 Metaspace       used 26581K, capacity 26960K, committed 27132K, reserved 1073152K
  class space    used 2846K, capacity 2973K, committed 3072K, reserved 1048576K
}
Event: 3.081 GC heap before
{Heap before GC invocations=5 (full 0):
 garbage-first heap   total 63488K, used 41733K [0x00000000c2800000, 0x0000000100000000)
  region size 1024K, 25 young (25600K), 3 survivors (3072K)
 Metaspace       used 30451K, capacity 30891K, committed 30972K, reserved 1077248K
  class space    used 3612K, capacity 3793K, committed 3840K, reserved 1048576K
}
Event: 3.105 GC heap after
{Heap after GC invocations=6 (full 0):
 garbage-first heap   total 76800K, used 23026K [0x00000000c2800000, 0x0000000100000000)
  region size 1024K, 4 young (4096K), 4 survivors (4096K)
 Metaspace       used 30451K, capacity 30891K, committed 30972K, reserved 1077248K
  class space    used 3612K, capacity 3793K, committed 3840K, reserved 1048576K
}
Event: 3.808 GC heap before
{Heap before GC invocations=6 (full 0):
 garbage-first heap   total 76800K, used 47602K [0x00000000c2800000, 0x0000000100000000)
  region size 1024K, 29 young (29696K), 4 survivors (4096K)
 Metaspace       used 35628K, capacity 36022K, committed 36048K, reserved 1081344K
  class space    used 4184K, capacity 4349K, committed 4352K, reserved 1048576K
}
Event: 3.827 GC heap after
{Heap after GC invocations=7 (full 0):
 garbage-first heap   total 76800K, used 25900K [0x00000000c2800000, 0x0000000100000000)
  region size 1024K, 3 young (3072K), 3 survivors (3072K)
 Metaspace       used 35628K, capacity 36022K, committed 36048K, reserved 1081344K
  class space    used 4184K, capacity 4349K, committed 4352K, reserved 1048576K
}
Event: 4.470 GC heap before
{Heap before GC invocations=8 (full 0):
 garbage-first heap   total 76800K, used 50476K [0x00000000c2800000, 0x0000000100000000)
  region size 1024K, 28 young (28672K), 3 survivors (3072K)
 Metaspace       used 41405K, capacity 41847K, committed 42012K, reserved 1085440K
  class space    used 4933K, capacity 5096K, committed 5196K, reserved 1048576K
}
Event: 4.481 GC heap after
{Heap after GC invocations=9 (full 0):
 garbage-first heap   total 76800K, used 28227K [0x00000000c2800000, 0x0000000100000000)
  region size 1024K, 3 young (3072K), 3 survivors (3072K)
 Metaspace       used 41405K, capacity 41847K, committed 42012K, reserved 1085440K
  class space    used 4933K, capacity 5096K, committed 5196K, reserved 1048576K
}
Event: 5.264 GC heap before
{Heap before GC invocations=9 (full 0):
 garbage-first heap   total 76800K, used 53827K [0x00000000c2800000, 0x0000000100000000)
  region size 1024K, 28 young (28672K), 3 survivors (3072K)
 Metaspace       used 45371K, capacity 45823K, committed 45980K, reserved 1089536K
  class space    used 5381K, capacity 5544K, committed 5580K, reserved 1048576K
}
Event: 5.281 GC heap after
{Heap after GC invocations=10 (full 0):
 garbage-first heap   total 76800K, used 31744K [0x00000000c2800000, 0x0000000100000000)
  region size 1024K, 4 young (4096K), 4 survivors (4096K)
 Metaspace       used 45371K, capacity 45823K, committed 45980K, reserved 1089536K
  class space    used 5381K, capacity 5544K, committed 5580K, reserved 1048576K
}
Event: 5.641 GC heap before
{Heap before GC invocations=10 (full 0):
 garbage-first heap   total 76800K, used 56320K [0x00000000c2800000, 0x0000000100000000)
  region size 1024K, 28 young (28672K), 4 survivors (4096K)
 Metaspace       used 46020K, capacity 46502K, committed 46876K, reserved 1091584K
  class space    used 5410K, capacity 5577K, committed 5708K, reserved 1048576K
}
Event: 5.659 GC heap after
{Heap after GC invocations=11 (full 0):
 garbage-first heap   total 97280K, used 34141K [0x00000000c2800000, 0x0000000100000000)
  region size 1024K, 3 young (3072K), 3 survivors (3072K)
 Metaspace       used 46020K, capacity 46502K, committed 46876K, reserved 1091584K
  class space    used 5410K, capacity 5577K, committed 5708K, reserved 1048576K
}
Event: 7.389 GC heap before
{Heap before GC invocations=11 (full 0):
 garbage-first heap   total 97280K, used 64861K [0x00000000c2800000, 0x0000000100000000)
  region size 1024K, 33 young (33792K), 3 survivors (3072K)
 Metaspace       used 48924K, capacity 49415K, committed 49564K, reserved 1093632K
  class space    used 5607K, capacity 5777K, committed 5836K, reserved 1048576K
}
Event: 7.413 GC heap after
{Heap after GC invocations=12 (full 0):
 garbage-first heap   total 97280K, used 39576K [0x00000000c2800000, 0x0000000100000000)
  region size 1024K, 5 young (5120K), 5 survivors (5120K)
 Metaspace       used 48924K, capacity 49415K, committed 49564K, reserved 1093632K
  class space    used 5607K, capacity 5777K, committed 5836K, reserved 1048576K
}
Event: 8.350 GC heap before
{Heap before GC invocations=12 (full 0):
 garbage-first heap   total 97280K, used 68248K [0x00000000c2800000, 0x0000000100000000)
  region size 1024K, 33 young (33792K), 5 survivors (5120K)
 Metaspace       used 51502K, capacity 52006K, committed 52252K, reserved 1095680K
  class space    used 5889K, capacity 6088K, committed 6220K, reserved 1048576K
}
Event: 8.383 GC heap after
{Heap after GC invocations=13 (full 0):
 garbage-first heap   total 97280K, used 43743K [0x00000000c2800000, 0x0000000100000000)
  region size 1024K, 4 young (4096K), 4 survivors (4096K)
 Metaspace       used 51502K, capacity 52006K, committed 52252K, reserved 1095680K
  class space    used 5889K, capacity 6088K, committed 6220K, reserved 1048576K
}
Event: 9.682 GC heap before
{Heap before GC invocations=13 (full 0):
 garbage-first heap   total 97280K, used 71391K [0x00000000c2800000, 0x0000000100000000)
  region size 1024K, 31 young (31744K), 4 survivors (4096K)
 Metaspace       used 54944K, capacity 55522K, committed 55580K, reserved 1097728K
  class space    used 6232K, capacity 6424K, committed 6476K, reserved 1048576K
}
Event: 9.714 GC heap after
{Heap after GC invocations=14 (full 0):
 garbage-first heap   total 97280K, used 47761K [0x00000000c2800000, 0x0000000100000000)
  region size 1024K, 4 young (4096K), 4 survivors (4096K)
 Metaspace       used 54944K, capacity 55522K, committed 55580K, reserved 1097728K
  class space    used 6232K, capacity 6424K, committed 6476K, reserved 1048576K
}
Event: 10.765 GC heap before
{Heap before GC invocations=14 (full 0):
 garbage-first heap   total 97280K, used 74385K [0x00000000c2800000, 0x0000000100000000)
  region size 1024K, 30 young (30720K), 4 survivors (4096K)
 Metaspace       used 58542K, capacity 59116K, committed 59292K, reserved 1101824K
  class space    used 6599K, capacity 6811K, committed 6860K, reserved 1048576K
}
Event: 10.798 GC heap after
{Heap after GC invocations=15 (full 0):
 garbage-first heap   total 124928K, used 49943K [0x00000000c2800000, 0x0000000100000000)
  region size 1024K, 2 young (2048K), 2 survivors (2048K)
 Metaspace       used 58542K, capacity 59116K, committed 59292K, reserved 1101824K
  class space    used 6599K, capacity 6811K, committed 6860K, reserved 1048576K
}

Deoptimization events (20 events):
Event: 10.119 Thread 0x0000024705b7b000 Uncommon trap: trap_request=0xffffff4d fr.pc=0x00000247111b0540 relative=0x0000000000000200
Event: 10.119 Thread 0x0000024705b7b000 Uncommon trap: reason=unstable_if action=reinterpret pc=0x00000247111b0540 method=java.lang.String.indexOf([BBILjava/lang/String;I)I @ 21 c2
Event: 10.119 Thread 0x0000024705b7b000 DEOPT PACKING pc=0x00000247111b0540 sp=0x000000fba66fdb30
Event: 10.119 Thread 0x0000024705b7b000 DEOPT UNPACKING pc=0x000002470951742f sp=0x000000fba66fda98 mode 2
Event: 10.317 Thread 0x0000024705b7b000 DEOPT PACKING pc=0x000002470a8fd150 sp=0x000000fba66fd950
Event: 10.317 Thread 0x0000024705b7b000 DEOPT UNPACKING pc=0x000002470951724e sp=0x000000fba66fcdd8 mode 0
Event: 10.346 Thread 0x0000024705b7b000 DEOPT PACKING pc=0x000002470a8fd150 sp=0x000000fba66fd8a0
Event: 10.346 Thread 0x0000024705b7b000 DEOPT UNPACKING pc=0x000002470951724e sp=0x000000fba66fcd28 mode 0
Event: 10.384 Thread 0x0000024705b7b000 DEOPT PACKING pc=0x000002470a8fd150 sp=0x000000fba66fd800
Event: 10.384 Thread 0x0000024705b7b000 DEOPT UNPACKING pc=0x000002470951724e sp=0x000000fba66fcc88 mode 0
Event: 10.408 Thread 0x0000024705b7b000 DEOPT PACKING pc=0x000002470a8fd150 sp=0x000000fba66fd800
Event: 10.408 Thread 0x0000024705b7b000 DEOPT UNPACKING pc=0x000002470951724e sp=0x000000fba66fcc88 mode 0
Event: 10.432 Thread 0x0000024705b7b000 DEOPT PACKING pc=0x000002470a8fd150 sp=0x000000fba66fd800
Event: 10.432 Thread 0x0000024705b7b000 DEOPT UNPACKING pc=0x000002470951724e sp=0x000000fba66fcc88 mode 0
Event: 10.452 Thread 0x0000024705b7b000 DEOPT PACKING pc=0x000002470a8fd150 sp=0x000000fba66fd940
Event: 10.452 Thread 0x0000024705b7b000 DEOPT UNPACKING pc=0x000002470951724e sp=0x000000fba66fcdc8 mode 0
Event: 10.469 Thread 0x0000024705b7b000 DEOPT PACKING pc=0x000002470a8fd150 sp=0x000000fba66fd860
Event: 10.469 Thread 0x0000024705b7b000 DEOPT UNPACKING pc=0x000002470951724e sp=0x000000fba66fcce8 mode 0
Event: 10.497 Thread 0x0000024705b7b000 DEOPT PACKING pc=0x000002470a8fd150 sp=0x000000fba66fd870
Event: 10.497 Thread 0x0000024705b7b000 DEOPT UNPACKING pc=0x000002470951724e sp=0x000000fba66fccf8 mode 0

Classes redefined (0 events):
No events

Internal exceptions (20 events):
Event: 2.331 Thread 0x0000024705b7b000 Exception <a 'java/lang/NoSuchMethodError'{0x00000000c5277a80}: 'void java.lang.invoke.DirectMethodHandle$Holder.invokeStaticInit(java.lang.Object, java.lang.Object)'> (0x00000000c5277a80) thrown at [./src/hotspot/share/interpreter/linkResolver.cpp, line 773]
Event: 2.342 Thread 0x0000024705b7b000 Exception <a 'java/lang/NoSuchMethodError'{0x00000000c52b60a8}: 'void java.lang.invoke.DirectMethodHandle$Holder.invokeInterface(java.lang.Object, java.lang.Object)'> (0x00000000c52b60a8) thrown at [./src/hotspot/share/interpreter/linkResolver.cpp, line 773]
Event: 2.451 Thread 0x0000024705b7b000 Exception <a 'java/lang/NoSuchMethodError'{0x00000000c65e7530}: 'void java.lang.invoke.DirectMethodHandle$Holder.invokeVirtual(java.lang.Object, java.lang.Object)'> (0x00000000c65e7530) thrown at [./src/hotspot/share/interpreter/linkResolver.cpp, line 773]
Event: 2.468 Thread 0x0000024705b7b000 Exception <a 'java/lang/NoSuchMethodError'{0x00000000c645e008}: 'int java.lang.invoke.DirectMethodHandle$Holder.invokeVirtual(java.lang.Object, java.lang.Object)'> (0x00000000c645e008) thrown at [./src/hotspot/share/interpreter/linkResolver.cpp, line 773]
Event: 3.449 Thread 0x0000024705b7b000 Exception <a 'java/lang/NoSuchMethodError'{0x00000000c688e628}: 'java.lang.Object java.lang.invoke.DirectMethodHandle$Holder.invokeVirtual(java.lang.Object, java.lang.Object, java.lang.Object)'> (0x00000000c688e628) thrown at [./src/hotspot/share/interpreter/linkResolver.cpp, line 773]
Event: 4.440 Thread 0x0000024705b7b000 Exception <a 'java/lang/NoSuchMethodError'{0x00000000c5ac1518}: 'java.lang.Object java.lang.invoke.Invokers$Holder.linkToTargetMethod(java.lang.Object, int, java.lang.Object)'> (0x00000000c5ac1518) thrown at [./src/hotspot/share/interpreter/linkResolver.cpp, line 773]
Event: 4.512 Thread 0x0000024705b7b000 Exception <a 'java/lang/NoSuchMethodError'{0x00000000c7138608}: 'java.lang.Object java.lang.invoke.DirectMethodHandle$Holder.invokeStatic(java.lang.Object, java.lang.Object, java.lang.Object, int)'> (0x00000000c7138608) thrown at [./src/hotspot/share/interpreter/linkResolver.cpp, line 773]
Event: 4.512 Thread 0x0000024705b7b000 Exception <a 'java/lang/NoSuchMethodError'{0x00000000c713c278}: 'java.lang.Object java.lang.invoke.DirectMethodHandle$Holder.invokeSpecial(java.lang.Object, java.lang.Object, java.lang.Object, java.lang.Object, int)'> (0x00000000c713c278) thrown at [./src/hotspot/share/interpreter/linkResolver.cpp, line 773]
Event: 4.512 Thread 0x0000024705b7b000 Exception <a 'java/lang/NoSuchMethodError'{0x00000000c713f588}: 'java.lang.Object java.lang.invoke.Invokers$Holder.linkToTargetMethod(java.lang.Object, java.lang.Object, int, java.lang.Object)'> (0x00000000c713f588) thrown at [./src/hotspot/share/interpreter/linkResolver.cpp, line 773]
Event: 6.100 Thread 0x0000024705b7b000 Exception <a 'java/lang/NoSuchMethodError'{0x00000000c7b9c120}: 'java.lang.Object java.lang.invoke.DirectMethodHandle$Holder.invokeStaticInit(java.lang.Object, java.lang.Object, java.lang.Object)'> (0x00000000c7b9c120) thrown at [./src/hotspot/share/interpreter/linkResolver.cpp, line 773]
Event: 7.911 Thread 0x0000024705b7b000 Exception <a 'java/lang/NoSuchMethodError'{0x00000000c78923d8}: 'int java.lang.invoke.DirectMethodHandle$Holder.invokeInterface(java.lang.Object, java.lang.Object)'> (0x00000000c78923d8) thrown at [./src/hotspot/share/interpreter/linkResolver.cpp, line 773]
Event: 8.177 Thread 0x0000024705b7b000 Exception <a 'java/lang/NoSuchMethodError'{0x00000000c704bd40}: 'java.lang.Object java.lang.invoke.Invokers$Holder.linkToTargetMethod(java.lang.Object, java.lang.Object, java.lang.Object, int, int, java.lang.Object)'> (0x00000000c704bd40) thrown at [./src/hotspot/share/interpreter/linkResolver.cpp, line 773]
Event: 8.196 Thread 0x0000024705b7b000 Exception <a 'java/lang/NoSuchMethodError'{0x00000000c70cc018}: 'java.lang.Object java.lang.invoke.Invokers$Holder.linkToTargetMethod(java.lang.Object, java.lang.Object, java.lang.Object, java.lang.Object, java.lang.Object, java.lang.Object)'> (0x00000000c70cc018) thrown at [./src/hotspot/share/interpreter/linkResolver.cpp, line 773]
Event: 8.287 Thread 0x0000024705b7b000 Implicit null exception at 0x00000247110bdb4c to 0x00000247110bdc28
Event: 8.287 Thread 0x0000024705b7b000 Implicit null exception at 0x000002471100d05e to 0x000002471100d7ca
Event: 8.287 Thread 0x0000024705b7b000 Implicit null exception at 0x000002471104c02f to 0x000002471104c09d
Event: 8.892 Thread 0x0000024705b7b000 Exception <a 'java/lang/NoSuchMethodError'{0x00000000c793cc50}: 'java.lang.Object java.lang.invoke.DirectMethodHandle$Holder.invokeInterface(java.lang.Object, java.lang.Object, java.lang.Object)'> (0x00000000c793cc50) thrown at [./src/hotspot/share/interpreter/linkResolver.cpp, line 773]
Event: 8.892 Thread 0x0000024705b7b000 Exception <a 'java/lang/IncompatibleClassChangeError'{0x00000000c793fe80}: Found class java.lang.Object, but interface was expected> (0x00000000c793fe80) thrown at [./src/hotspot/share/interpreter/linkResolver.cpp, line 839]
Event: 9.042 Thread 0x0000024705b7b000 Exception <a 'java/lang/NoSuchMethodError'{0x00000000c769e848}: 'java.lang.Object java.lang.invoke.DirectMethodHandle$Holder.invokeStatic(java.lang.Object, int, java.lang.Object, java.lang.Object)'> (0x00000000c769e848) thrown at [./src/hotspot/share/interpreter/linkResolver.cpp, line 773]
Event: 9.488 Thread 0x0000024705b7b000 Implicit null exception at 0x0000024711007f75 to 0x000002471100813c

Events (20 events):
Event: 10.888 loading class org/jetbrains/kotlin/ir/expressions/IrTypeOperator
Event: 10.888 loading class org/jetbrains/kotlin/ir/expressions/IrTypeOperator done
Event: 10.890 loading class org/jetbrains/kotlin/ir/expressions/impl/IrTypeOperatorCallImpl
Event: 10.890 loading class org/jetbrains/kotlin/ir/expressions/impl/IrTypeOperatorCallImpl done
Event: 10.929 loading class org/jetbrains/kotlin/psi2ir/transformations/InsertImplicitCasts$postprocessReturnExpressions$1
Event: 10.929 loading class org/jetbrains/kotlin/psi2ir/transformations/InsertImplicitCasts$postprocessReturnExpressions$1 done
Event: 10.947 loading class org/jetbrains/kotlin/psi2ir/generators/AnnotationGenerator
Event: 10.947 loading class org/jetbrains/kotlin/psi2ir/generators/AnnotationGenerator done
Event: 10.953 loading class org/jetbrains/kotlin/ir/declarations/IrProperty
Event: 10.953 loading class org/jetbrains/kotlin/ir/declarations/IrProperty done
Event: 10.954 loading class org/jetbrains/kotlin/ir/declarations/IrField
Event: 10.954 loading class org/jetbrains/kotlin/ir/declarations/IrField done
Event: 10.969 loading class org/jetbrains/kotlin/ir/expressions/impl/IrConstImpl
Event: 10.969 loading class org/jetbrains/kotlin/ir/expressions/impl/IrConstImpl done
Event: 10.970 loading class org/jetbrains/kotlin/ir/expressions/impl/IrConstImpl$Companion
Event: 10.970 loading class org/jetbrains/kotlin/ir/expressions/impl/IrConstImpl$Companion done
Event: 10.971 loading class org/jetbrains/kotlin/ir/expressions/IrConstKind$String
Event: 10.971 loading class org/jetbrains/kotlin/ir/expressions/IrConstKind$String done
Event: 10.971 loading class org/jetbrains/kotlin/ir/expressions/IrConstKind
Event: 10.971 loading class org/jetbrains/kotlin/ir/expressions/IrConstKind done


Dynamic libraries:
0x00007ff736270000 - 0x00007ff73627a000 	D:\Android\Android Studio\jre\bin\java.exe
0x00007ffd76880000 - 0x00007ffd76a6d000 	C:\Windows\SYSTEM32\ntdll.dll
0x00007ffd756f0000 - 0x00007ffd757a3000 	C:\Windows\System32\KERNEL32.DLL
0x00007ffd72c30000 - 0x00007ffd72ec5000 	C:\Windows\System32\KERNELBASE.dll
0x00007ffd72b30000 - 0x00007ffd72c2a000 	C:\Windows\System32\ucrtbase.dll
0x00007ffd6f420000 - 0x00007ffd6f439000 	D:\Android\Android Studio\jre\bin\jli.dll
0x00007ffd6f270000 - 0x00007ffd6f287000 	D:\Android\Android Studio\jre\bin\VCRUNTIME140.dll
0x00007ffd75ea0000 - 0x00007ffd76038000 	C:\Windows\System32\USER32.dll
0x00007ffd72930000 - 0x00007ffd72950000 	C:\Windows\System32\win32u.dll
0x00007ffd73ab0000 - 0x00007ffd73ad9000 	C:\Windows\System32\GDI32.dll
0x00007ffd63d50000 - 0x00007ffd63fc9000 	C:\Windows\WinSxS\amd64_microsoft.windows.common-controls_6595b64144ccf1df_6.0.17763.2114_none_de6e8966534dbac6\COMCTL32.dll
0x00007ffd72ed0000 - 0x00007ffd7306c000 	C:\Windows\System32\gdi32full.dll
0x00007ffd75e00000 - 0x00007ffd75e9e000 	C:\Windows\System32\msvcrt.dll
0x00007ffd72950000 - 0x00007ffd729f0000 	C:\Windows\System32\msvcp_win.dll
0x00007ffd76040000 - 0x00007ffd7636d000 	C:\Windows\System32\combase.dll
0x00007ffd758c0000 - 0x00007ffd759df000 	C:\Windows\System32\RPCRT4.dll
0x00007ffd73070000 - 0x00007ffd730f2000 	C:\Windows\System32\bcryptPrimitives.dll
0x00007ffd763e0000 - 0x00007ffd7640e000 	C:\Windows\System32\IMM32.DLL
0x00007ffd6d640000 - 0x00007ffd6d6dd000 	D:\Android\Android Studio\jre\bin\msvcp140.dll
0x00007ffd3dbe0000 - 0x00007ffd3e69c000 	D:\Android\Android Studio\jre\bin\server\jvm.dll
0x00007ffd75d50000 - 0x00007ffd75df4000 	C:\Windows\System32\ADVAPI32.dll
0x00007ffd759e0000 - 0x00007ffd75a7e000 	C:\Windows\System32\sechost.dll
0x00007ffd765e0000 - 0x00007ffd765e8000 	C:\Windows\System32\PSAPI.DLL
0x00007ffd6ee30000 - 0x00007ffd6ee39000 	C:\Windows\SYSTEM32\WSOCK32.dll
0x00007ffd76570000 - 0x00007ffd765dd000 	C:\Windows\System32\WS2_32.dll
0x00007ffd64ab0000 - 0x00007ffd64aba000 	C:\Windows\SYSTEM32\VERSION.dll
0x00007ffd709b0000 - 0x00007ffd709d4000 	C:\Windows\SYSTEM32\WINMM.dll
0x00007ffd70980000 - 0x00007ffd709ad000 	C:\Windows\SYSTEM32\WINMMBASE.dll
0x00007ffd73100000 - 0x00007ffd7314a000 	C:\Windows\System32\cfgmgr32.dll
0x00007ffd728e0000 - 0x00007ffd728f1000 	C:\Windows\System32\kernel.appcore.dll
0x00007ffd6cac0000 - 0x00007ffd6cad1000 	D:\Android\Android Studio\jre\bin\verify.dll
0x00007ffd62320000 - 0x00007ffd6250d000 	C:\Windows\SYSTEM32\DBGHELP.DLL
0x00007ffd62110000 - 0x00007ffd6213a000 	C:\Windows\SYSTEM32\dbgcore.DLL
0x00007ffd6b600000 - 0x00007ffd6b629000 	D:\Android\Android Studio\jre\bin\java.dll
0x00007ffd6cab0000 - 0x00007ffd6cabb000 	D:\Android\Android Studio\jre\bin\jimage.dll
0x00007ffd6b5e0000 - 0x00007ffd6b5f8000 	D:\Android\Android Studio\jre\bin\zip.dll
0x00007ffd74090000 - 0x00007ffd75589000 	C:\Windows\System32\SHELL32.dll
0x00007ffd765f0000 - 0x00007ffd76698000 	C:\Windows\System32\shcore.dll
0x00007ffd73150000 - 0x00007ffd7389b000 	C:\Windows\System32\windows.storage.dll
0x00007ffd72900000 - 0x00007ffd72924000 	C:\Windows\System32\profapi.dll
0x00007ffd72880000 - 0x00007ffd728dd000 	C:\Windows\System32\powrprof.dll
0x00007ffd76430000 - 0x00007ffd76482000 	C:\Windows\System32\shlwapi.dll
0x00007ffd738a0000 - 0x00007ffd738b7000 	C:\Windows\System32\cryptsp.dll
0x00007ffd6b5c0000 - 0x00007ffd6b5da000 	D:\Android\Android Studio\jre\bin\net.dll
0x00007ffd69b10000 - 0x00007ffd69c01000 	C:\Windows\SYSTEM32\WINHTTP.dll
0x00007ffd72050000 - 0x00007ffd720b7000 	C:\Windows\system32\mswsock.dll
0x00007ffd6b5a0000 - 0x00007ffd6b5b4000 	D:\Android\Android Studio\jre\bin\nio.dll

dbghelp: loaded successfully - version: 4.0.5 - missing functions: none
symbol engine: initialized successfully - sym options: 0x614 - pdb path: .;D:\Android\Android Studio\jre\bin;C:\Windows\SYSTEM32;C:\Windows\WinSxS\amd64_microsoft.windows.common-controls_6595b64144ccf1df_6.0.17763.2114_none_de6e8966534dbac6;D:\Android\Android Studio\jre\bin\server

VM Arguments:
java_command: org.jetbrains.kotlin.cli.jvm.K2JVMCompiler @D:\AndroidProjects\Affirmation\app\build\20210813_9830696685302018074.compiler.options
java_class_path (initial): C:\Users\Home\.gradle\caches\modules-2\files-2.1\org.jetbrains.kotlin\kotlin-compiler-embeddable\1.5.21\40ddbcae9ff100473f95370c2d589ba3fc48eed5\kotlin-compiler-embeddable-1.5.21.jar;C:\Users\Home\.gradle\caches\modules-2\files-2.1\org.jetbrains.kotlin\kotlin-reflect\1.5.21\802f1f39735ae1eb2b75714a40fa19bb2e687e96\kotlin-reflect-1.5.21.jar;C:\Users\Home\.gradle\caches\modules-2\files-2.1\org.jetbrains.kotlin\kotlin-stdlib\1.5.21\2f537cad7e9eeb9da73738c8812e1e4cf9b62e4e\kotlin-stdlib-1.5.21.jar;C:\Users\Home\.gradle\caches\modules-2\files-2.1\org.jetbrains.kotlin\kotlin-script-runtime\1.5.21\96d49e89873fde985750af354b6eabb60cfa999b\kotlin-script-runtime-1.5.21.jar;C:\Users\Home\.gradle\caches\modules-2\files-2.1\org.jetbrains.kotlin\kotlin-daemon-embeddable\1.5.21\17255809e66a940dfdf6289bccbdfb5a09f3145\kotlin-daemon-embeddable-1.5.21.jar;C:\Users\Home\.gradle\caches\modules-2\files-2.1\org.jetbrains.intellij.deps\trove4j\1.0.20181211\216c2e14b070f334479d800987affe4054cd563f\trove4j-1.0.20181211.jar;C:\Users\Home\.gradle\caches\modules-2\files-2.1\org.jetbrains\annotations\13.0\919f0dfe192fb4e063e7dacadee7f8bb9a2672a9\annotations-13.0.jar;C:\Users\Home\.gradle\caches\modules-2\files-2.1\org.jetbrains.kotlin\kotlin-stdlib-common\1.5.21\cc8bf3586fd2ebcf234058b9440bb406e62dfacb\kotlin-stdlib-common-1.5.21.jar
Launcher Type: SUN_STANDARD

[Global flags]
     intx CICompilerCount                          = 3                                         {product} {ergonomic}
     uint ConcGCThreads                            = 1                                         {product} {ergonomic}
     uint G1ConcRefinementThreads                  = 4                                         {product} {ergonomic}
   size_t G1HeapRegionSize                         = 1048576                                   {product} {ergonomic}
    uintx GCDrainStackTargetSize                   = 64                                        {product} {ergonomic}
   size_t InitialHeapSize                          = 65011712                                  {product} {ergonomic}
   size_t MarkStackSize                            = 4194304                                   {product} {ergonomic}
   size_t MaxHeapSize                              = 1031798784                                {product} {ergonomic}
   size_t MaxNewSize                               = 618659840                                 {product} {ergonomic}
   size_t MinHeapDeltaBytes                        = 1048576                                   {product} {ergonomic}
    uintx NonNMethodCodeHeapSize                   = 5830732                                {pd product} {ergonomic}
    uintx NonProfiledCodeHeapSize                  = 122913754                              {pd product} {ergonomic}
    uintx ProfiledCodeHeapSize                     = 122913754                              {pd product} {ergonomic}
    uintx ReservedCodeCacheSize                    = 251658240                              {pd product} {ergonomic}
     bool SegmentedCodeCache                       = true                                      {product} {ergonomic}
     bool UseCompressedClassPointers               = true                                 {lp64_product} {ergonomic}
     bool UseCompressedOops                        = true                                 {lp64_product} {ergonomic}
     bool UseG1GC                                  = true                                      {product} {ergonomic}
     bool UseLargePagesIndividualAllocation        = false                                  {pd product} {ergonomic}

Logging:
Log output configuration:
 #0: stdout all=warning uptime,level,tags
 #1: stderr all=off uptime,level,tags

Environment Variables:
PATH=C:\Program Files (x86)\Common Files\Oracle\Java\javapath;C:\Windows\system32;C:\Windows;C:\Windows\System32\Wbem;C:\Windows\System32\WindowsPowerShell\v1.0\;C:\Windows\System32\OpenSSH\;D:\AndroidProjects\Git\cmd;C:\Users\Home\AppData\Local\Microsoft\WindowsApps;
USERNAME=Home
OS=Windows_NT
PROCESSOR_IDENTIFIER=Intel64 Family 6 Model 42 Stepping 7, GenuineIntel



---------------  S Y S T E M  ---------------

OS: Windows 10 , 64 bit Build 17763 (10.0.17763.2090)
OS uptime: 0 days 1:33 hours

CPU:total 4 (initial active 4) (2 cores per cpu, 2 threads per core) family 6 model 42 stepping 7, cmov, cx8, fxsr, mmx, sse, sse2, sse3, ssse3, sse4.1, sse4.2, popcnt, avx, clmul, ht, tsc, tscinvbit

Memory: 4k page, system-wide physical 3932M (307M free)
TotalPageFile size 4732M (AvailPageFile size 5M)
current process WorkingSet (physical memory assigned to process): 261M, peak: 271M
current process commit charge ("private bytes"): 316M, peak: 316M

vm_info: OpenJDK 64-Bit Server VM (11.0.8+10-b944.6842174) for windows-amd64 JRE (11.0.8+10-b944.6842174), built on Sep 19 2020 01:11:42 by "builder" with MS VC++ 14.0 (VS2015)

END.
