#
# There is insufficient memory for the Java Runtime Environment to continue.
# Native memory allocation (mmap) failed to map 40894464 bytes for Failed to commit area from 0x00000000c8400000 to 0x00000000cab00000 of length 40894464.
# Possible reasons:
#   The system is out of physical RAM or swap space
#   The process is running with CompressedOops enabled, and the Java Heap may be blocking the growth of the native heap
# Possible solutions:
#   Reduce memory load on the system
#   Increase physical memory or swap space
#   Check if swap backing store is full
#   Decrease Java heap size (-Xmx/-Xms)
#   Decrease number of Java threads
#   Decrease Java thread stack sizes (-Xss)
#   Set larger code cache with -XX:ReservedCodeCacheSize=
#   JVM is running with Unscaled Compressed Oops mode in which the Java heap is
#     placed in the first 4GB address space. The Java Heap base address is the
#     maximum limit for the native heap growth. Please use -XX:HeapBaseMinAddress
#     to set the Java Heap base and to place the Java Heap above 4GB virtual address.
# This output file may be truncated or incomplete.
#
#  Out of Memory Error (./src/hotspot/os/windows/os_windows.cpp:3303), pid=1828, tid=4476
#
# JRE version: OpenJDK Runtime Environment (11.0.8+10) (build 11.0.8+10-b944.6842174)
# Java VM: OpenJDK 64-Bit Server VM (11.0.8+10-b944.6842174, mixed mode, tiered, compressed oops, g1 gc, windows-amd64)
# No core dump will be written. Minidumps are not enabled by default on client versions of Windows
#

---------------  S U M M A R Y ------------

Command Line: org.jetbrains.kotlin.cli.jvm.K2JVMCompiler @D:\AndroidProjects\Affirmation\app\build\20210813_15783454067304103794.compiler.options

Host: Intel(R) Core(TM) i3-2370M CPU @ 2.40GHz, 4 cores, 3G,  Windows 10 , 64 bit Build 17763 (10.0.17763.2090)
Time: Fri Aug 13 16:15:02 2021 RTZ 2 (ceia) elapsed time: 9 seconds (0d 0h 0m 9s)

---------------  T H R E A D  ---------------

Current thread (0x0000019697946000):  VMThread "VM Thread" [stack: 0x0000007a3ff00000,0x0000007a40000000] [id=4476]

Stack: [0x0000007a3ff00000,0x0000007a40000000]
[error occurred during error reporting (printing stack bounds), id 0xc0000005, EXCEPTION_ACCESS_VIOLATION (0xc0000005) at pc=0x00000196838c0dad]

Native frames: (J=compiled Java code, j=interpreted, Vv=VM code, C=native code)
V  [jvm.dll+0x5de50a]
V  [jvm.dll+0x7122f5]
V  [jvm.dll+0x71384d]
V  [jvm.dll+0x713e65]
V  [jvm.dll+0x713e1b]
V  [jvm.dll+0x5dd958]
V  [jvm.dll+0x5de0f8]
C  [ntdll.dll+0xa4a2f]
C  [ntdll.dll+0x4cef]
C  [ntdll.dll+0xa379e]
C  0x00000196838c0dad

VM_Operation (0x0000007a3f9fd440): G1CollectForAllocation, mode: safepoint, requested by thread 0x00000196fd57c000


---------------  P R O C E S S  ---------------

Threads class SMR info:
_java_thread_list=0x000001969a000550, length=10, elements={
0x00000196fd57c000, 0x000001969796b000, 0x000001969796c800, 0x00000196979c9000,
0x00000196979ca000, 0x00000196979ce000, 0x00000196979d1000, 0x00000196979d7800,
0x0000019698441800, 0x0000019698453800
}

Java Threads: ( => current thread )
  0x00000196fd57c000 JavaThread "main" [_thread_blocked, id=6764, stack(0x0000007a3f900000,0x0000007a3fa00000)]
  0x000001969796b000 JavaThread "Reference Handler" daemon [_thread_blocked, id=4164, stack(0x0000007a40000000,0x0000007a40100000)]
  0x000001969796c800 JavaThread "Finalizer" daemon [_thread_blocked, id=1744, stack(0x0000007a40100000,0x0000007a40200000)]
  0x00000196979c9000 JavaThread "Signal Dispatcher" daemon [_thread_blocked, id=1916, stack(0x0000007a40200000,0x0000007a40300000)]
  0x00000196979ca000 JavaThread "Attach Listener" daemon [_thread_blocked, id=6224, stack(0x0000007a40300000,0x0000007a40400000)]
  0x00000196979ce000 JavaThread "C2 CompilerThread0" daemon [_thread_blocked, id=1396, stack(0x0000007a40400000,0x0000007a40500000)]
  0x00000196979d1000 JavaThread "C1 CompilerThread0" daemon [_thread_blocked, id=6420, stack(0x0000007a40500000,0x0000007a40600000)]
  0x00000196979d7800 JavaThread "Sweeper thread" daemon [_thread_blocked, id=5756, stack(0x0000007a40600000,0x0000007a40700000)]
  0x0000019698441800 JavaThread "Service Thread" daemon [_thread_blocked, id=6556, stack(0x0000007a40700000,0x0000007a40800000)]
  0x0000019698453800 JavaThread "Common-Cleaner" daemon [_thread_blocked, id=612, stack(0x0000007a40900000,0x0000007a40a00000)]

Other Threads:
=>0x0000019697946000 VMThread "VM Thread" [stack: 0x0000007a3ff00000,0x0000007a40000000] [id=4476]
  0x000001969844d000 WatcherThread [stack: 0x0000007a40800000,0x0000007a40900000] [id=2040]
  0x00000196fd595000 GCTaskThread "GC Thread#0" [stack: 0x0000007a3fa00000,0x0000007a3fb00000] [id=4260]
  0x0000019698618000 GCTaskThread "GC Thread#1" [stack: 0x0000007a40b00000,0x0000007a40c00000] [id=980]
  0x00000196fd5b2000 ConcurrentGCThread "G1 Main Marker" [stack: 0x0000007a3fb00000,0x0000007a3fc00000] [id=2948]
  0x00000196fd5b3800 ConcurrentGCThread "G1 Conc#0" [stack: 0x0000007a3fc00000,0x0000007a3fd00000] [id=6668]
  0x00000196fd60a800 ConcurrentGCThread "G1 Refine#0" [stack: 0x0000007a3fd00000,0x0000007a3fe00000] [id=3308]
  0x00000196fd60b800 ConcurrentGCThread "G1 Young RemSet Sampling" [stack: 0x0000007a3fe00000,0x0000007a3ff00000] [id=5704]

Threads with active compile tasks:
C2 CompilerThread0   9153 5871       4       jdk.internal.loader.BuiltinClassLoader::loadClass (22 bytes)

VM state:at safepoint (normal execution)

VM Mutex/Monitor currently owned by a thread:  ([mutex/lock_event])
[0x00000196fd57a9f0] Threads_lock - owner thread: 0x0000019697946000
[0x00000196fd578f80] Heap_lock - owner thread: 0x00000196fd57c000

Heap address: 0x00000000c2800000, size: 984 MB, Compressed Oops mode: 32-bit
Narrow klass base: 0x0000000000000000, Narrow klass shift: 3
Compressed class space size: 1073741824 Address: 0x0000000100000000

Heap:
 garbage-first heap   total 134144K, used 47879K [0x00000000c2800000, 0x0000000100000000)
  region size 1024K, 2 young (2048K), 2 survivors (2048K)
 Metaspace       used 58127K, capacity 58696K, committed 58780K, reserved 1101824K
  class space    used 6592K, capacity 6778K, committed 6860K, reserved 1048576K
Heap Regions: E=young(eden), S=young(survivor), O=old, HS=humongous(starts), HC=humongous(continues), CS=collection set, F=free, A=archive, TAMS=top-at-mark-start (previous, next)
|   0|0x00000000c2800000, 0x00000000c2900000, 0x00000000c2900000|100%|HS|  |TAMS 0x00000000c2900000, 0x00000000c2900000| Complete 
|   1|0x00000000c2900000, 0x00000000c2a00000, 0x00000000c2a00000|100%|HC|  |TAMS 0x00000000c2a00000, 0x00000000c2a00000| Complete 
|   2|0x00000000c2a00000, 0x00000000c2b00000, 0x00000000c2b00000|100%|HC|  |TAMS 0x00000000c2b00000, 0x00000000c2b00000| Complete 
|   3|0x00000000c2b00000, 0x00000000c2c00000, 0x00000000c2c00000|100%| O|  |TAMS 0x00000000c2c00000, 0x00000000c2c00000| Untracked 
|   4|0x00000000c2c00000, 0x00000000c2d00000, 0x00000000c2d00000|100%| O|  |TAMS 0x00000000c2d00000, 0x00000000c2d00000| Untracked 
|   5|0x00000000c2d00000, 0x00000000c2e00000, 0x00000000c2e00000|100%| O|  |TAMS 0x00000000c2e00000, 0x00000000c2e00000| Untracked 
|   6|0x00000000c2e00000, 0x00000000c2f00000, 0x00000000c2f00000|100%| O|  |TAMS 0x00000000c2f00000, 0x00000000c2f00000| Untracked 
|   7|0x00000000c2f00000, 0x00000000c3000000, 0x00000000c3000000|100%| O|  |TAMS 0x00000000c3000000, 0x00000000c3000000| Untracked 
|   8|0x00000000c3000000, 0x00000000c3100000, 0x00000000c3100000|100%| O|  |TAMS 0x00000000c3100000, 0x00000000c3100000| Untracked 
|   9|0x00000000c3100000, 0x00000000c3200000, 0x00000000c3200000|100%|HS|  |TAMS 0x00000000c3200000, 0x00000000c3200000| Complete 
|  10|0x00000000c3200000, 0x00000000c3300000, 0x00000000c3300000|100%|HC|  |TAMS 0x00000000c3300000, 0x00000000c3300000| Complete 
|  11|0x00000000c3300000, 0x00000000c3400000, 0x00000000c3400000|100%|HC|  |TAMS 0x00000000c3400000, 0x00000000c3400000| Complete 
|  12|0x00000000c3400000, 0x00000000c3500000, 0x00000000c3500000|100%|HS|  |TAMS 0x00000000c3500000, 0x00000000c3500000| Complete 
|  13|0x00000000c3500000, 0x00000000c3600000, 0x00000000c3600000|100%|HC|  |TAMS 0x00000000c3600000, 0x00000000c3600000| Complete 
|  14|0x00000000c3600000, 0x00000000c3700000, 0x00000000c3700000|100%|HC|  |TAMS 0x00000000c3700000, 0x00000000c3700000| Complete 
|  15|0x00000000c3700000, 0x00000000c3800000, 0x00000000c3800000|100%|HS|  |TAMS 0x00000000c3800000, 0x00000000c3800000| Complete 
|  16|0x00000000c3800000, 0x00000000c3900000, 0x00000000c3900000|100%|HC|  |TAMS 0x00000000c3900000, 0x00000000c3900000| Complete 
|  17|0x00000000c3900000, 0x00000000c3a00000, 0x00000000c3a00000|100%| O|  |TAMS 0x00000000c3a00000, 0x00000000c3a00000| Untracked 
|  18|0x00000000c3a00000, 0x00000000c3b00000, 0x00000000c3b00000|100%| O|  |TAMS 0x00000000c3b00000, 0x00000000c3b00000| Untracked 
|  19|0x00000000c3b00000, 0x00000000c3c00000, 0x00000000c3c00000|100%| O|  |TAMS 0x00000000c3c00000, 0x00000000c3c00000| Untracked 
|  20|0x00000000c3c00000, 0x00000000c3d00000, 0x00000000c3d00000|100%| O|  |TAMS 0x00000000c3d00000, 0x00000000c3d00000| Untracked 
|  21|0x00000000c3d00000, 0x00000000c3e00000, 0x00000000c3e00000|100%| O|  |TAMS 0x00000000c3e00000, 0x00000000c3e00000| Untracked 
|  22|0x00000000c3e00000, 0x00000000c3f00000, 0x00000000c3f00000|100%| O|  |TAMS 0x00000000c3f00000, 0x00000000c3f00000| Untracked 
|  23|0x00000000c3f00000, 0x00000000c4000000, 0x00000000c4000000|100%| O|  |TAMS 0x00000000c4000000, 0x00000000c4000000| Untracked 
|  24|0x00000000c4000000, 0x00000000c4100000, 0x00000000c4100000|100%| O|  |TAMS 0x00000000c4100000, 0x00000000c4100000| Untracked 
|  25|0x00000000c4100000, 0x00000000c4200000, 0x00000000c4200000|100%| O|  |TAMS 0x00000000c4147400, 0x00000000c4200000| Untracked 
|  26|0x00000000c4200000, 0x00000000c4300000, 0x00000000c4300000|100%| O|  |TAMS 0x00000000c4200000, 0x00000000c4300000| Untracked 
|  27|0x00000000c4300000, 0x00000000c4400000, 0x00000000c4400000|100%| O|  |TAMS 0x00000000c4300000, 0x00000000c4400000| Untracked 
|  28|0x00000000c4400000, 0x00000000c4500000, 0x00000000c4500000|100%| O|  |TAMS 0x00000000c4400000, 0x00000000c4500000| Untracked 
|  29|0x00000000c4500000, 0x00000000c4600000, 0x00000000c4600000|100%| O|  |TAMS 0x00000000c4500000, 0x00000000c4600000| Untracked 
|  30|0x00000000c4600000, 0x00000000c4700000, 0x00000000c4700000|100%| O|  |TAMS 0x00000000c4600000, 0x00000000c4700000| Untracked 
|  31|0x00000000c4700000, 0x00000000c4800000, 0x00000000c4800000|100%| O|  |TAMS 0x00000000c4700000, 0x00000000c4800000| Untracked 
|  32|0x00000000c4800000, 0x00000000c4900000, 0x00000000c4900000|100%| O|  |TAMS 0x00000000c4800000, 0x00000000c4900000| Untracked 
|  33|0x00000000c4900000, 0x00000000c4a00000, 0x00000000c4a00000|100%| O|  |TAMS 0x00000000c4900000, 0x00000000c4a00000| Untracked 
|  34|0x00000000c4a00000, 0x00000000c4b00000, 0x00000000c4b00000|100%| O|  |TAMS 0x00000000c4a00000, 0x00000000c4b00000| Untracked 
|  35|0x00000000c4b00000, 0x00000000c4c00000, 0x00000000c4c00000|100%| O|  |TAMS 0x00000000c4b00000, 0x00000000c4c00000| Untracked 
|  36|0x00000000c4c00000, 0x00000000c4d00000, 0x00000000c4d00000|100%| O|  |TAMS 0x00000000c4c00000, 0x00000000c4d00000| Untracked 
|  37|0x00000000c4d00000, 0x00000000c4e00000, 0x00000000c4e00000|100%| O|  |TAMS 0x00000000c4d00000, 0x00000000c4e00000| Untracked 
|  38|0x00000000c4e00000, 0x00000000c4f00000, 0x00000000c4f00000|100%| O|  |TAMS 0x00000000c4e00000, 0x00000000c4f00000| Untracked 
|  39|0x00000000c4f00000, 0x00000000c5000000, 0x00000000c5000000|100%| O|  |TAMS 0x00000000c4f00000, 0x00000000c5000000| Untracked 
|  40|0x00000000c5000000, 0x00000000c5100000, 0x00000000c5100000|100%| O|  |TAMS 0x00000000c5000000, 0x00000000c5100000| Untracked 
|  41|0x00000000c5100000, 0x00000000c5200000, 0x00000000c5200000|100%| O|  |TAMS 0x00000000c5100000, 0x00000000c5200000| Untracked 
|  42|0x00000000c5200000, 0x00000000c5300000, 0x00000000c5300000|100%| O|  |TAMS 0x00000000c5200000, 0x00000000c5300000| Untracked 
|  43|0x00000000c5300000, 0x00000000c5400000, 0x00000000c5400000|100%| O|  |TAMS 0x00000000c5300000, 0x00000000c5400000| Untracked 
|  44|0x00000000c5400000, 0x00000000c5500000, 0x00000000c5500000|100%| O|  |TAMS 0x00000000c5400000, 0x00000000c5500000| Untracked 
|  45|0x00000000c5500000, 0x00000000c5565000, 0x00000000c5600000| 39%| O|  |TAMS 0x00000000c5500000, 0x00000000c5565000| Untracked 
|  46|0x00000000c5600000, 0x00000000c5600000, 0x00000000c5700000|  0%| F|  |TAMS 0x00000000c5600000, 0x00000000c5600000| Untracked 
|  47|0x00000000c5700000, 0x00000000c5700000, 0x00000000c5800000|  0%| F|  |TAMS 0x00000000c5700000, 0x00000000c5700000| Untracked 
|  48|0x00000000c5800000, 0x00000000c5800000, 0x00000000c5900000|  0%| F|  |TAMS 0x00000000c5800000, 0x00000000c5800000| Untracked 
|  49|0x00000000c5900000, 0x00000000c5900000, 0x00000000c5a00000|  0%| F|  |TAMS 0x00000000c5900000, 0x00000000c5900000| Untracked 
|  50|0x00000000c5a00000, 0x00000000c5a00000, 0x00000000c5b00000|  0%| F|  |TAMS 0x00000000c5a00000, 0x00000000c5a00000| Untracked 
|  51|0x00000000c5b00000, 0x00000000c5b00000, 0x00000000c5c00000|  0%| F|  |TAMS 0x00000000c5b00000, 0x00000000c5b00000| Untracked 
|  52|0x00000000c5c00000, 0x00000000c5c00000, 0x00000000c5d00000|  0%| F|  |TAMS 0x00000000c5c00000, 0x00000000c5c00000| Untracked 
|  53|0x00000000c5d00000, 0x00000000c5d00000, 0x00000000c5e00000|  0%| F|  |TAMS 0x00000000c5d00000, 0x00000000c5d00000| Untracked 
|  54|0x00000000c5e00000, 0x00000000c5e00000, 0x00000000c5f00000|  0%| F|  |TAMS 0x00000000c5e00000, 0x00000000c5e00000| Untracked 
|  55|0x00000000c5f00000, 0x00000000c5f00000, 0x00000000c6000000|  0%| F|  |TAMS 0x00000000c5f00000, 0x00000000c5f00000| Untracked 
|  56|0x00000000c6000000, 0x00000000c6000000, 0x00000000c6100000|  0%| F|  |TAMS 0x00000000c6000000, 0x00000000c6000000| Untracked 
|  57|0x00000000c6100000, 0x00000000c6100000, 0x00000000c6200000|  0%| F|  |TAMS 0x00000000c6100000, 0x00000000c6100000| Untracked 
|  58|0x00000000c6200000, 0x00000000c6200000, 0x00000000c6300000|  0%| F|  |TAMS 0x00000000c6200000, 0x00000000c6200000| Untracked 
|  59|0x00000000c6300000, 0x00000000c6300000, 0x00000000c6400000|  0%| F|  |TAMS 0x00000000c6300000, 0x00000000c6300000| Untracked 
|  60|0x00000000c6400000, 0x00000000c6400000, 0x00000000c6500000|  0%| F|  |TAMS 0x00000000c6400000, 0x00000000c6400000| Untracked 
|  61|0x00000000c6500000, 0x00000000c6500000, 0x00000000c6600000|  0%| F|  |TAMS 0x00000000c6500000, 0x00000000c6500000| Untracked 
|  62|0x00000000c6600000, 0x00000000c6600000, 0x00000000c6700000|  0%| F|  |TAMS 0x00000000c6600000, 0x00000000c6600000| Untracked 
|  63|0x00000000c6700000, 0x00000000c6700000, 0x00000000c6800000|  0%| F|  |TAMS 0x00000000c6700000, 0x00000000c6700000| Untracked 
|  64|0x00000000c6800000, 0x00000000c6800000, 0x00000000c6900000|  0%| F|  |TAMS 0x00000000c6800000, 0x00000000c6800000| Untracked 
|  65|0x00000000c6900000, 0x00000000c6900000, 0x00000000c6a00000|  0%| F|  |TAMS 0x00000000c6900000, 0x00000000c6900000| Untracked 
|  66|0x00000000c6a00000, 0x00000000c6a5cf88, 0x00000000c6b00000| 36%| S|CS|TAMS 0x00000000c6a00000, 0x00000000c6a00000| Complete 
|  67|0x00000000c6b00000, 0x00000000c6c00000, 0x00000000c6c00000|100%| S|CS|TAMS 0x00000000c6b00000, 0x00000000c6b00000| Complete 
|  68|0x00000000c6c00000, 0x00000000c6c00000, 0x00000000c6d00000|  0%| F|  |TAMS 0x00000000c6c00000, 0x00000000c6c00000| Untracked 
|  69|0x00000000c6d00000, 0x00000000c6d00000, 0x00000000c6e00000|  0%| F|  |TAMS 0x00000000c6d00000, 0x00000000c6d00000| Untracked 
|  70|0x00000000c6e00000, 0x00000000c6e00000, 0x00000000c6f00000|  0%| F|  |TAMS 0x00000000c6e00000, 0x00000000c6e00000| Untracked 
|  71|0x00000000c6f00000, 0x00000000c6f00000, 0x00000000c7000000|  0%| F|  |TAMS 0x00000000c6f00000, 0x00000000c6f00000| Untracked 
|  72|0x00000000c7000000, 0x00000000c7000000, 0x00000000c7100000|  0%| F|  |TAMS 0x00000000c7000000, 0x00000000c7000000| Untracked 
|  73|0x00000000c7100000, 0x00000000c7100000, 0x00000000c7200000|  0%| F|  |TAMS 0x00000000c7100000, 0x00000000c7100000| Untracked 
|  74|0x00000000c7200000, 0x00000000c7200000, 0x00000000c7300000|  0%| F|  |TAMS 0x00000000c7200000, 0x00000000c7200000| Untracked 
|  75|0x00000000c7300000, 0x00000000c7300000, 0x00000000c7400000|  0%| F|  |TAMS 0x00000000c7300000, 0x00000000c7300000| Untracked 
|  76|0x00000000c7400000, 0x00000000c7400000, 0x00000000c7500000|  0%| F|  |TAMS 0x00000000c7400000, 0x00000000c7400000| Untracked 
|  77|0x00000000c7500000, 0x00000000c7500000, 0x00000000c7600000|  0%| F|  |TAMS 0x00000000c7500000, 0x00000000c7500000| Untracked 
|  78|0x00000000c7600000, 0x00000000c7600000, 0x00000000c7700000|  0%| F|  |TAMS 0x00000000c7600000, 0x00000000c7600000| Untracked 
|  79|0x00000000c7700000, 0x00000000c7700000, 0x00000000c7800000|  0%| F|  |TAMS 0x00000000c7700000, 0x00000000c7700000| Untracked 
|  80|0x00000000c7800000, 0x00000000c7800000, 0x00000000c7900000|  0%| F|  |TAMS 0x00000000c7800000, 0x00000000c7800000| Untracked 
|  81|0x00000000c7900000, 0x00000000c7900000, 0x00000000c7a00000|  0%| F|  |TAMS 0x00000000c7900000, 0x00000000c7900000| Untracked 
|  82|0x00000000c7a00000, 0x00000000c7a00000, 0x00000000c7b00000|  0%| F|  |TAMS 0x00000000c7a00000, 0x00000000c7a00000| Untracked 
|  83|0x00000000c7b00000, 0x00000000c7b00000, 0x00000000c7c00000|  0%| F|  |TAMS 0x00000000c7b00000, 0x00000000c7b00000| Untracked 
|  84|0x00000000c7c00000, 0x00000000c7c00000, 0x00000000c7d00000|  0%| F|  |TAMS 0x00000000c7c00000, 0x00000000c7c00000| Untracked 
|  85|0x00000000c7d00000, 0x00000000c7d00000, 0x00000000c7e00000|  0%| F|  |TAMS 0x00000000c7d00000, 0x00000000c7d00000| Untracked 
|  86|0x00000000c7e00000, 0x00000000c7e00000, 0x00000000c7f00000|  0%| F|  |TAMS 0x00000000c7e00000, 0x00000000c7e00000| Untracked 
|  87|0x00000000c7f00000, 0x00000000c7f00000, 0x00000000c8000000|  0%| F|  |TAMS 0x00000000c7f00000, 0x00000000c7f00000| Untracked 
|  88|0x00000000c8000000, 0x00000000c8000000, 0x00000000c8100000|  0%| F|  |TAMS 0x00000000c8000000, 0x00000000c8000000| Untracked 
|  89|0x00000000c8100000, 0x00000000c8100000, 0x00000000c8200000|  0%| F|  |TAMS 0x00000000c8100000, 0x00000000c8100000| Untracked 
|  90|0x00000000c8200000, 0x00000000c8200000, 0x00000000c8300000|  0%| F|  |TAMS 0x00000000c8200000, 0x00000000c8200000| Untracked 
|  91|0x00000000c8300000, 0x00000000c8300000, 0x00000000c8400000|  0%| F|  |TAMS 0x00000000c8300000, 0x00000000c8300000| Untracked 

Card table byte_map: [0x00000196930e0000,0x00000196932d0000] _byte_map_base: 0x0000019692acc000

Marking Bits (Prev, Next): (CMBitMap*) 0x00000196fd5ad7f8, (CMBitMap*) 0x00000196fd5ad830
 Prev Bits: [0x00000196934c0000, 0x0000019694420000)
 Next Bits: [0x0000019694420000, 0x0000019695380000)

Polling page: 0x0000019680000000

Metaspace:

Usage:
  Non-class:     50.70 MB capacity,    50.33 MB (>99%) used,   300.45 KB ( <1%) free+waste,    81.94 KB ( <1%) overhead. 
      Class:      6.62 MB capacity,     6.44 MB ( 97%) used,   153.10 KB (  2%) free+waste,    32.75 KB ( <1%) overhead. 
       Both:     57.32 MB capacity,    56.77 MB (>99%) used,   453.55 KB ( <1%) free+waste,   114.69 KB ( <1%) overhead. 

Virtual space:
  Non-class space:       52.00 MB reserved,      50.70 MB ( 98%) committed 
      Class space:        1.00 GB reserved,       6.70 MB ( <1%) committed 
             Both:        1.05 GB reserved,      57.40 MB (  5%) committed 

Chunk freelists:
   Non-Class:  2.00 KB
       Class:  6.00 KB
        Both:  8.00 KB

MaxMetaspaceSize: 17179869184.00 GB
CompressedClassSpaceSize: 1.00 GB

CodeHeap 'non-profiled nmethods': size=120064Kb used=1914Kb max_used=1914Kb free=118149Kb
 bounds [0x000001968b380000, 0x000001968b5f0000, 0x00000196928c0000]
CodeHeap 'profiled nmethods': size=120000Kb used=12181Kb max_used=12181Kb free=107818Kb
 bounds [0x0000019683e50000, 0x0000019684a40000, 0x000001968b380000]
CodeHeap 'non-nmethods': size=5696Kb used=1233Kb max_used=1254Kb free=4462Kb
 bounds [0x00000196838c0000, 0x0000019683b30000, 0x0000019683e50000]
 total_blobs=6548 nmethods=5940 adapters=518
 compilation: enabled
              stopped_count=0, restarted_count=0
 full_count=0

Compilation events (20 events):
Event: 9.092 Thread 0x00000196979d1000 6003       3       org.jetbrains.kotlin.utils.DFS$1::<init> (15 bytes)
Event: 9.092 Thread 0x00000196979d1000 nmethod 6003 0x0000019684a2cc10 code [0x0000019684a2cde0, 0x0000019684a2d058]
Event: 9.092 Thread 0x00000196979d1000 6004       3       org.jetbrains.kotlin.utils.DFS$1::result (5 bytes)
Event: 9.093 Thread 0x00000196979d1000 nmethod 6004 0x0000019684a2d190 code [0x0000019684a2d360, 0x0000019684a2d5b8]
Event: 9.093 Thread 0x00000196979d1000 6005       3       org.jetbrains.kotlin.utils.DFS$1::result (10 bytes)
Event: 9.093 Thread 0x00000196979d1000 nmethod 6005 0x0000019684a2d710 code [0x0000019684a2d8e0, 0x0000019684a2dad8]
Event: 9.093 Thread 0x00000196979d1000 6006       3       org.jetbrains.kotlin.renderer.DescriptorRendererImpl::renderInitializer (60 bytes)
Event: 9.094 Thread 0x00000196979d1000 nmethod 6006 0x0000019684a2dc10 code [0x0000019684a2dea0, 0x0000019684a2e968]
Event: 9.094 Thread 0x00000196979d1000 6007       3       org.jetbrains.kotlin.renderer.DescriptorRendererImpl::getIncludePropertyConstant (8 bytes)
Event: 9.095 Thread 0x00000196979d1000 nmethod 6007 0x0000019684a2ee10 code [0x0000019684a2efe0, 0x0000019684a2f348]
Event: 9.095 Thread 0x00000196979d1000 6008       3       org.jetbrains.kotlin.renderer.DescriptorRendererOptionsImpl::getIncludePropertyConstant (23 bytes)
Event: 9.095 Thread 0x00000196979d1000 nmethod 6008 0x0000019684a2f510 code [0x0000019684a2f6e0, 0x0000019684a2f9e8]
Event: 9.096 Thread 0x00000196979d1000 6009       3       org.jetbrains.kotlin.renderer.DescriptorRendererImpl::renderVariable (192 bytes)
Event: 9.099 Thread 0x00000196979d1000 nmethod 6009 0x0000019684a2fb10 code [0x0000019684a2fee0, 0x0000019684a31668]
Event: 9.099 Thread 0x00000196979d1000 6010       3       org.jetbrains.kotlin.resolve.descriptorUtil.DescriptorUtilsKt::declaresOrInheritsDefaultValue (41 bytes)
Event: 9.100 Thread 0x00000196979d1000 nmethod 6010 0x0000019684a32010 code [0x0000019684a322a0, 0x0000019684a32c08]
Event: 9.100 Thread 0x00000196979d1000 6012       3       org.jetbrains.kotlin.utils.DFS::dfs (77 bytes)
Event: 9.101 Thread 0x00000196979d1000 nmethod 6012 0x0000019684a32f90 code [0x0000019684a331e0, 0x0000019684a33888]
Event: 9.101 Thread 0x00000196979d1000 6011       3       org.jetbrains.kotlin.renderer.DescriptorRendererImpl::differsOnlyInNullability (85 bytes)
Event: 9.104 Thread 0x00000196979d1000 nmethod 6011 0x0000019684a33a90 code [0x0000019684a33e00, 0x0000019684a350e8]

GC Heap History (20 events):
Event: 2.689 GC heap after
{Heap after GC invocations=5 (full 0):
 garbage-first heap   total 63488K, used 17075K [0x00000000c2800000, 0x0000000100000000)
  region size 1024K, 2 young (2048K), 2 survivors (2048K)
 Metaspace       used 26553K, capacity 26896K, committed 27132K, reserved 1073152K
  class space    used 2846K, capacity 2973K, committed 3072K, reserved 1048576K
}
Event: 3.321 GC heap before
{Heap before GC invocations=5 (full 0):
 garbage-first heap   total 63488K, used 40627K [0x00000000c2800000, 0x0000000100000000)
  region size 1024K, 24 young (24576K), 2 survivors (2048K)
 Metaspace       used 30411K, capacity 30827K, committed 30972K, reserved 1077248K
  class space    used 3612K, capacity 3793K, committed 3840K, reserved 1048576K
}
Event: 3.345 GC heap after
{Heap after GC invocations=6 (full 0):
 garbage-first heap   total 76800K, used 23018K [0x00000000c2800000, 0x0000000100000000)
  region size 1024K, 3 young (3072K), 3 survivors (3072K)
 Metaspace       used 30411K, capacity 30827K, committed 30972K, reserved 1077248K
  class space    used 3612K, capacity 3793K, committed 3840K, reserved 1048576K
}
Event: 3.936 GC heap before
{Heap before GC invocations=6 (full 0):
 garbage-first heap   total 76800K, used 47594K [0x00000000c2800000, 0x0000000100000000)
  region size 1024K, 27 young (27648K), 3 survivors (3072K)
 Metaspace       used 35422K, capacity 35887K, committed 36048K, reserved 1081344K
  class space    used 4176K, capacity 4348K, committed 4352K, reserved 1048576K
}
Event: 3.951 GC heap after
{Heap after GC invocations=7 (full 0):
 garbage-first heap   total 76800K, used 26040K [0x00000000c2800000, 0x0000000100000000)
  region size 1024K, 3 young (3072K), 3 survivors (3072K)
 Metaspace       used 35422K, capacity 35887K, committed 36048K, reserved 1081344K
  class space    used 4176K, capacity 4348K, committed 4352K, reserved 1048576K
}
Event: 3.968 GC heap before
{Heap before GC invocations=7 (full 0):
 garbage-first heap   total 76800K, used 27064K [0x00000000c2800000, 0x0000000100000000)
  region size 1024K, 5 young (5120K), 3 survivors (3072K)
 Metaspace       used 35619K, capacity 36022K, committed 36048K, reserved 1081344K
  class space    used 4185K, capacity 4349K, committed 4352K, reserved 1048576K
}
Event: 3.973 GC heap after
{Heap after GC invocations=8 (full 0):
 garbage-first heap   total 76800K, used 26363K [0x00000000c2800000, 0x0000000100000000)
  region size 1024K, 1 young (1024K), 1 survivors (1024K)
 Metaspace       used 35619K, capacity 36022K, committed 36048K, reserved 1081344K
  class space    used 4185K, capacity 4349K, committed 4352K, reserved 1048576K
}
Event: 4.572 GC heap before
{Heap before GC invocations=9 (full 0):
 garbage-first heap   total 76800K, used 48891K [0x00000000c2800000, 0x0000000100000000)
  region size 1024K, 24 young (24576K), 1 survivors (1024K)
 Metaspace       used 40461K, capacity 40930K, committed 41116K, reserved 1085440K
  class space    used 4843K, capacity 5025K, committed 5068K, reserved 1048576K
}
Event: 4.580 GC heap after
{Heap after GC invocations=10 (full 0):
 garbage-first heap   total 76800K, used 27716K [0x00000000c2800000, 0x0000000100000000)
  region size 1024K, 2 young (2048K), 2 survivors (2048K)
 Metaspace       used 40461K, capacity 40930K, committed 41116K, reserved 1085440K
  class space    used 4843K, capacity 5025K, committed 5068K, reserved 1048576K
}
Event: 5.301 GC heap before
{Heap before GC invocations=10 (full 0):
 garbage-first heap   total 76800K, used 52292K [0x00000000c2800000, 0x0000000100000000)
  region size 1024K, 26 young (26624K), 2 survivors (2048K)
 Metaspace       used 45250K, capacity 45755K, committed 45980K, reserved 1089536K
  class space    used 5381K, capacity 5544K, committed 5580K, reserved 1048576K
}
Event: 5.316 GC heap after
{Heap after GC invocations=11 (full 0):
 garbage-first heap   total 76800K, used 30720K [0x00000000c2800000, 0x0000000100000000)
  region size 1024K, 4 young (4096K), 4 survivors (4096K)
 Metaspace       used 45250K, capacity 45755K, committed 45980K, reserved 1089536K
  class space    used 5381K, capacity 5544K, committed 5580K, reserved 1048576K
}
Event: 5.572 GC heap before
{Heap before GC invocations=11 (full 0):
 garbage-first heap   total 76800K, used 54272K [0x00000000c2800000, 0x0000000100000000)
  region size 1024K, 28 young (28672K), 4 survivors (4096K)
 Metaspace       used 45870K, capacity 46373K, committed 46620K, reserved 1089536K
  class space    used 5402K, capacity 5577K, committed 5708K, reserved 1048576K
}
Event: 5.588 GC heap after
{Heap after GC invocations=12 (full 0):
 garbage-first heap   total 94208K, used 32488K [0x00000000c2800000, 0x0000000100000000)
  region size 1024K, 2 young (2048K), 2 survivors (2048K)
 Metaspace       used 45870K, capacity 46373K, committed 46620K, reserved 1089536K
  class space    used 5402K, capacity 5577K, committed 5708K, reserved 1048576K
}
Event: 6.554 GC heap before
{Heap before GC invocations=12 (full 0):
 garbage-first heap   total 94208K, used 61160K [0x00000000c2800000, 0x0000000100000000)
  region size 1024K, 30 young (30720K), 2 survivors (2048K)
 Metaspace       used 48644K, capacity 49158K, committed 49308K, reserved 1093632K
  class space    used 5607K, capacity 5777K, committed 5836K, reserved 1048576K
}
Event: 6.581 GC heap after
{Heap after GC invocations=13 (full 0):
 garbage-first heap   total 94208K, used 37500K [0x00000000c2800000, 0x0000000100000000)
  region size 1024K, 4 young (4096K), 4 survivors (4096K)
 Metaspace       used 48644K, capacity 49158K, committed 49308K, reserved 1093632K
  class space    used 5607K, capacity 5777K, committed 5836K, reserved 1048576K
}
Event: 7.296 GC heap before
{Heap before GC invocations=13 (full 0):
 garbage-first heap   total 94208K, used 65148K [0x00000000c2800000, 0x0000000100000000)
  region size 1024K, 31 young (31744K), 4 survivors (4096K)
 Metaspace       used 49975K, capacity 50438K, committed 50716K, reserved 1093632K
  class space    used 5712K, capacity 5884K, committed 5964K, reserved 1048576K
}
Event: 7.331 GC heap after
{Heap after GC invocations=14 (full 0):
 garbage-first heap   total 94208K, used 42224K [0x00000000c2800000, 0x0000000100000000)
  region size 1024K, 4 young (4096K), 4 survivors (4096K)
 Metaspace       used 49975K, capacity 50438K, committed 50716K, reserved 1093632K
  class space    used 5712K, capacity 5884K, committed 5964K, reserved 1048576K
}
Event: 8.117 GC heap before
{Heap before GC invocations=14 (full 0):
 garbage-first heap   total 94208K, used 68848K [0x00000000c2800000, 0x0000000100000000)
  region size 1024K, 30 young (30720K), 4 survivors (4096K)
 Metaspace       used 52962K, capacity 53549K, committed 53660K, reserved 1097728K
  class space    used 6050K, capacity 6258K, committed 6348K, reserved 1048576K
}
Event: 8.148 GC heap after
{Heap after GC invocations=15 (full 0):
 garbage-first heap   total 94208K, used 46234K [0x00000000c2800000, 0x0000000100000000)
  region size 1024K, 4 young (4096K), 4 survivors (4096K)
 Metaspace       used 52962K, capacity 53549K, committed 53660K, reserved 1097728K
  class space    used 6050K, capacity 6258K, committed 6348K, reserved 1048576K
}
Event: 9.107 GC heap before
{Heap before GC invocations=15 (full 0):
 garbage-first heap   total 94208K, used 69786K [0x00000000c2800000, 0x0000000100000000)
  region size 1024K, 28 young (28672K), 4 survivors (4096K)
 Metaspace       used 58127K, capacity 58696K, committed 58780K, reserved 1101824K
  class space    used 6592K, capacity 6778K, committed 6860K, reserved 1048576K
}

Deoptimization events (20 events):
Event: 8.403 Thread 0x00000196fd57c000 Uncommon trap: trap_request=0xffffffc6 fr.pc=0x000001968b4e0f10 relative=0x0000000000000f10
Event: 8.403 Thread 0x00000196fd57c000 Uncommon trap: reason=bimorphic_or_optimized_type_check action=maybe_recompile pc=0x000001968b4e0f10 method=kotlin.collections.CollectionsKt___CollectionsKt.toList(Ljava/lang/Iterable;)Ljava/util/List; @ 71 c2
Event: 8.403 Thread 0x00000196fd57c000 DEOPT PACKING pc=0x000001968b4e0f10 sp=0x0000007a3f9fca40
Event: 8.403 Thread 0x00000196fd57c000 DEOPT UNPACKING pc=0x00000196838e742f sp=0x0000007a3f9fca30 mode 2
Event: 8.778 Thread 0x00000196fd57c000 Uncommon trap: trap_request=0xffffffc6 fr.pc=0x000001968b53845c relative=0x00000000000003dc
Event: 8.778 Thread 0x00000196fd57c000 Uncommon trap: reason=bimorphic_or_optimized_type_check action=maybe_recompile pc=0x000001968b53845c method=org.jetbrains.kotlin.storage.LockBasedStorageManager$LockBasedLazyValue.invoke()Ljava/lang/Object; @ 181 c2
Event: 8.778 Thread 0x00000196fd57c000 DEOPT PACKING pc=0x000001968b53845c sp=0x0000007a3f9fe6a0
Event: 8.778 Thread 0x00000196fd57c000 DEOPT UNPACKING pc=0x00000196838e742f sp=0x0000007a3f9fe5d0 mode 2
Event: 8.778 Thread 0x00000196fd57c000 Uncommon trap: trap_request=0xffffffc6 fr.pc=0x000001968b53845c relative=0x00000000000003dc
Event: 8.778 Thread 0x00000196fd57c000 Uncommon trap: reason=bimorphic_or_optimized_type_check action=maybe_recompile pc=0x000001968b53845c method=org.jetbrains.kotlin.storage.LockBasedStorageManager$LockBasedLazyValue.invoke()Ljava/lang/Object; @ 181 c2
Event: 8.778 Thread 0x00000196fd57c000 DEOPT PACKING pc=0x000001968b53845c sp=0x0000007a3f9fe2d0
Event: 8.778 Thread 0x00000196fd57c000 DEOPT UNPACKING pc=0x00000196838e742f sp=0x0000007a3f9fe208 mode 2
Event: 8.782 Thread 0x00000196fd57c000 Uncommon trap: trap_request=0xffffffc6 fr.pc=0x000001968b536958 relative=0x00000000000003d8
Event: 8.782 Thread 0x00000196fd57c000 Uncommon trap: reason=bimorphic_or_optimized_type_check action=maybe_recompile pc=0x000001968b536958 method=org.jetbrains.kotlin.storage.LockBasedStorageManager$LockBasedLazyValue.invoke()Ljava/lang/Object; @ 181 c2
Event: 8.782 Thread 0x00000196fd57c000 DEOPT PACKING pc=0x000001968b536958 sp=0x0000007a3f9fd8e0
Event: 8.782 Thread 0x00000196fd57c000 DEOPT UNPACKING pc=0x00000196838e742f sp=0x0000007a3f9fd878 mode 2
Event: 8.783 Thread 0x00000196fd57c000 Uncommon trap: trap_request=0xffffff4d fr.pc=0x000001968b395180 relative=0x0000000000000160
Event: 8.783 Thread 0x00000196fd57c000 Uncommon trap: reason=unstable_if action=reinterpret pc=0x000001968b395180 method=java.lang.StringCoding.hasNegatives([BII)Z @ 12 c2
Event: 8.783 Thread 0x00000196fd57c000 DEOPT PACKING pc=0x000001968b395180 sp=0x0000007a3f9fde50
Event: 8.783 Thread 0x00000196fd57c000 DEOPT UNPACKING pc=0x00000196838e742f sp=0x0000007a3f9fdde0 mode 2

Classes redefined (0 events):
No events

Internal exceptions (20 events):
Event: 2.574 Thread 0x00000196fd57c000 Exception <a 'java/lang/NoSuchMethodError'{0x00000000c5276c08}: 'void java.lang.invoke.DirectMethodHandle$Holder.invokeStaticInit(java.lang.Object, java.lang.Object)'> (0x00000000c5276c08) thrown at [./src/hotspot/share/interpreter/linkResolver.cpp, line 773]
Event: 2.586 Thread 0x00000196fd57c000 Exception <a 'java/lang/NoSuchMethodError'{0x00000000c52b5238}: 'void java.lang.invoke.DirectMethodHandle$Holder.invokeInterface(java.lang.Object, java.lang.Object)'> (0x00000000c52b5238) thrown at [./src/hotspot/share/interpreter/linkResolver.cpp, line 773]
Event: 2.719 Thread 0x00000196fd57c000 Exception <a 'java/lang/NoSuchMethodError'{0x00000000c65ce4b0}: 'void java.lang.invoke.DirectMethodHandle$Holder.invokeVirtual(java.lang.Object, java.lang.Object)'> (0x00000000c65ce4b0) thrown at [./src/hotspot/share/interpreter/linkResolver.cpp, line 773]
Event: 2.735 Thread 0x00000196fd57c000 Exception <a 'java/lang/NoSuchMethodError'{0x00000000c6446020}: 'int java.lang.invoke.DirectMethodHandle$Holder.invokeVirtual(java.lang.Object, java.lang.Object)'> (0x00000000c6446020) thrown at [./src/hotspot/share/interpreter/linkResolver.cpp, line 773]
Event: 3.633 Thread 0x00000196fd57c000 Exception <a 'java/lang/NoSuchMethodError'{0x00000000c6885ed0}: 'java.lang.Object java.lang.invoke.DirectMethodHandle$Holder.invokeVirtual(java.lang.Object, java.lang.Object, java.lang.Object)'> (0x00000000c6885ed0) thrown at [./src/hotspot/share/interpreter/linkResolver.cpp, line 773]
Event: 4.653 Thread 0x00000196fd57c000 Exception <a 'java/lang/NoSuchMethodError'{0x00000000c7057150}: 'java.lang.Object java.lang.invoke.Invokers$Holder.linkToTargetMethod(java.lang.Object, int, java.lang.Object)'> (0x00000000c7057150) thrown at [./src/hotspot/share/interpreter/linkResolver.cpp, line 773]
Event: 4.713 Thread 0x00000196fd57c000 Exception <a 'java/lang/NoSuchMethodError'{0x00000000c6fd5768}: 'java.lang.Object java.lang.invoke.DirectMethodHandle$Holder.invokeStatic(java.lang.Object, java.lang.Object, java.lang.Object, int)'> (0x00000000c6fd5768) thrown at [./src/hotspot/share/interpreter/linkResolver.cpp, line 773]
Event: 4.714 Thread 0x00000196fd57c000 Exception <a 'java/lang/NoSuchMethodError'{0x00000000c6fd93d8}: 'java.lang.Object java.lang.invoke.DirectMethodHandle$Holder.invokeSpecial(java.lang.Object, java.lang.Object, java.lang.Object, java.lang.Object, int)'> (0x00000000c6fd93d8) thrown at [./src/hotspot/share/interpreter/linkResolver.cpp, line 773]
Event: 4.714 Thread 0x00000196fd57c000 Exception <a 'java/lang/NoSuchMethodError'{0x00000000c6fdc6e8}: 'java.lang.Object java.lang.invoke.Invokers$Holder.linkToTargetMethod(java.lang.Object, java.lang.Object, int, java.lang.Object)'> (0x00000000c6fdc6e8) thrown at [./src/hotspot/share/interpreter/linkResolver.cpp, line 773]
Event: 5.993 Thread 0x00000196fd57c000 Exception <a 'java/lang/NoSuchMethodError'{0x00000000c743d2b8}: 'java.lang.Object java.lang.invoke.DirectMethodHandle$Holder.invokeStaticInit(java.lang.Object, java.lang.Object, java.lang.Object)'> (0x00000000c743d2b8) thrown at [./src/hotspot/share/interpreter/linkResolver.cpp, line 773]
Event: 7.144 Thread 0x00000196fd57c000 Exception <a 'java/lang/NoSuchMethodError'{0x00000000c6e14b40}: 'int java.lang.invoke.DirectMethodHandle$Holder.invokeInterface(java.lang.Object, java.lang.Object)'> (0x00000000c6e14b40) thrown at [./src/hotspot/share/interpreter/linkResolver.cpp, line 773]
Event: 7.381 Thread 0x00000196fd57c000 Exception <a 'java/lang/NoSuchMethodError'{0x00000000c82de4e8}: 'java.lang.Object java.lang.invoke.Invokers$Holder.linkToTargetMethod(java.lang.Object, java.lang.Object, java.lang.Object, int, int, java.lang.Object)'> (0x00000000c82de4e8) thrown at [./src/hotspot/share/interpreter/linkResolver.cpp, line 773]
Event: 7.399 Thread 0x00000196fd57c000 Exception <a 'java/lang/NoSuchMethodError'{0x00000000c815f400}: 'java.lang.Object java.lang.invoke.Invokers$Holder.linkToTargetMethod(java.lang.Object, java.lang.Object, java.lang.Object, java.lang.Object, java.lang.Object, java.lang.Object)'> (0x00000000c815f400) thrown at [./src/hotspot/share/interpreter/linkResolver.cpp, line 773]
Event: 7.480 Thread 0x00000196fd57c000 Implicit null exception at 0x000001968b4771cc to 0x000001968b4772a8
Event: 7.480 Thread 0x00000196fd57c000 Implicit null exception at 0x000001968b3d9f5e to 0x000001968b3da6ca
Event: 7.480 Thread 0x00000196fd57c000 Implicit null exception at 0x000001968b3b0daf to 0x000001968b3b0e1d
Event: 7.894 Thread 0x00000196fd57c000 Exception <a 'java/lang/NoSuchMethodError'{0x00000000c6fd9da0}: 'java.lang.Object java.lang.invoke.DirectMethodHandle$Holder.invokeInterface(java.lang.Object, java.lang.Object, java.lang.Object)'> (0x00000000c6fd9da0) thrown at [./src/hotspot/share/interpreter/linkResolver.cpp, line 773]
Event: 7.895 Thread 0x00000196fd57c000 Exception <a 'java/lang/IncompatibleClassChangeError'{0x00000000c6fdcfd0}: Found class java.lang.Object, but interface was expected> (0x00000000c6fdcfd0) thrown at [./src/hotspot/share/interpreter/linkResolver.cpp, line 839]
Event: 8.005 Thread 0x00000196fd57c000 Exception <a 'java/lang/NoSuchMethodError'{0x00000000c6b3ca30}: 'java.lang.Object java.lang.invoke.DirectMethodHandle$Holder.invokeStatic(java.lang.Object, int, java.lang.Object, java.lang.Object)'> (0x00000000c6b3ca30) thrown at [./src/hotspot/share/interpreter/linkResolver.cpp, line 773]
Event: 8.380 Thread 0x00000196fd57c000 Implicit null exception at 0x000001968b3d7e75 to 0x000001968b3d803c

Events (20 events):
Event: 8.967 loading class org/jetbrains/kotlin/psi2ir/generators/ClassGenerator$generateMembersDeclaredInClassBody$$inlined$filterIsInstance$1 done
Event: 8.968 loading class org/jetbrains/kotlin/renderer/DescriptorRendererImpl$RenderDeclarationDescriptorVisitor
Event: 8.968 loading class org/jetbrains/kotlin/renderer/DescriptorRendererImpl$RenderDeclarationDescriptorVisitor done
Event: 8.969 loading class org/jetbrains/kotlin/renderer/DescriptorRendererImpl$WhenMappings
Event: 8.969 loading class org/jetbrains/kotlin/renderer/DescriptorRendererImpl$WhenMappings done
Event: 8.970 loading class org/jetbrains/kotlin/renderer/RenderingUtilsKt
Event: 8.970 loading class org/jetbrains/kotlin/renderer/RenderingUtilsKt done
Event: 8.971 loading class org/jetbrains/kotlin/renderer/KeywordStringsGenerated
Event: 8.971 loading class org/jetbrains/kotlin/renderer/KeywordStringsGenerated done
Event: 8.971 loading class org/jetbrains/kotlin/descriptors/PossiblyInnerType
Event: 8.971 loading class org/jetbrains/kotlin/descriptors/PossiblyInnerType done
Event: 8.972 loading class org/jetbrains/kotlin/renderer/DescriptorRendererOptions$DefaultImpls
Event: 8.972 loading class org/jetbrains/kotlin/renderer/DescriptorRendererOptions$DefaultImpls done
Event: 8.972 loading class org/jetbrains/kotlin/resolve/descriptorUtil/DescriptorUtilsKt$declaresOrInheritsDefaultValue$1
Event: 8.972 loading class org/jetbrains/kotlin/resolve/descriptorUtil/DescriptorUtilsKt$declaresOrInheritsDefaultValue$1 done
Event: 8.973 loading class org/jetbrains/kotlin/resolve/descriptorUtil/DescriptorUtilsKt$declaresOrInheritsDefaultValue$2
Event: 8.973 loading class org/jetbrains/kotlin/resolve/descriptorUtil/DescriptorUtilsKt$declaresOrInheritsDefaultValue$2 done
Event: 8.979 loading class org/jetbrains/kotlin/renderer/DescriptorRendererImpl$appendTypeProjections$1
Event: 8.979 loading class org/jetbrains/kotlin/renderer/DescriptorRendererImpl$appendTypeProjections$1 done
Event: 9.107 Executing VM operation: G1CollectForAllocation


Dynamic libraries:
0x00007ff736270000 - 0x00007ff73627a000 	D:\Android\Android Studio\jre\bin\java.exe
0x00007ffd76880000 - 0x00007ffd76a6d000 	C:\Windows\SYSTEM32\ntdll.dll
0x00007ffd756f0000 - 0x00007ffd757a3000 	C:\Windows\System32\KERNEL32.DLL
0x00007ffd72c30000 - 0x00007ffd72ec5000 	C:\Windows\System32\KERNELBASE.dll
0x00007ffd72b30000 - 0x00007ffd72c2a000 	C:\Windows\System32\ucrtbase.dll
0x00007ffd6f420000 - 0x00007ffd6f439000 	D:\Android\Android Studio\jre\bin\jli.dll
0x00007ffd6f270000 - 0x00007ffd6f287000 	D:\Android\Android Studio\jre\bin\VCRUNTIME140.dll
0x00007ffd75ea0000 - 0x00007ffd76038000 	C:\Windows\System32\USER32.dll
0x00007ffd72930000 - 0x00007ffd72950000 	C:\Windows\System32\win32u.dll
0x00007ffd63d50000 - 0x00007ffd63fc9000 	C:\Windows\WinSxS\amd64_microsoft.windows.common-controls_6595b64144ccf1df_6.0.17763.2114_none_de6e8966534dbac6\COMCTL32.dll
0x00007ffd73ab0000 - 0x00007ffd73ad9000 	C:\Windows\System32\GDI32.dll
0x00007ffd72ed0000 - 0x00007ffd7306c000 	C:\Windows\System32\gdi32full.dll
0x00007ffd72950000 - 0x00007ffd729f0000 	C:\Windows\System32\msvcp_win.dll
0x00007ffd75e00000 - 0x00007ffd75e9e000 	C:\Windows\System32\msvcrt.dll
0x00007ffd76040000 - 0x00007ffd7636d000 	C:\Windows\System32\combase.dll
0x00007ffd758c0000 - 0x00007ffd759df000 	C:\Windows\System32\RPCRT4.dll
0x00007ffd73070000 - 0x00007ffd730f2000 	C:\Windows\System32\bcryptPrimitives.dll
0x00007ffd763e0000 - 0x00007ffd7640e000 	C:\Windows\System32\IMM32.DLL
0x00007ffd6d640000 - 0x00007ffd6d6dd000 	D:\Android\Android Studio\jre\bin\msvcp140.dll
0x00007ffd3dbe0000 - 0x00007ffd3e69c000 	D:\Android\Android Studio\jre\bin\server\jvm.dll
0x00007ffd75d50000 - 0x00007ffd75df4000 	C:\Windows\System32\ADVAPI32.dll
0x00007ffd759e0000 - 0x00007ffd75a7e000 	C:\Windows\System32\sechost.dll
0x00007ffd765e0000 - 0x00007ffd765e8000 	C:\Windows\System32\PSAPI.DLL
0x00007ffd6ee30000 - 0x00007ffd6ee39000 	C:\Windows\SYSTEM32\WSOCK32.dll
0x00007ffd64ab0000 - 0x00007ffd64aba000 	C:\Windows\SYSTEM32\VERSION.dll
0x00007ffd709b0000 - 0x00007ffd709d4000 	C:\Windows\SYSTEM32\WINMM.dll
0x00007ffd70980000 - 0x00007ffd709ad000 	C:\Windows\SYSTEM32\WINMMBASE.dll
0x00007ffd73100000 - 0x00007ffd7314a000 	C:\Windows\System32\cfgmgr32.dll
0x00007ffd76570000 - 0x00007ffd765dd000 	C:\Windows\System32\WS2_32.dll
0x00007ffd728e0000 - 0x00007ffd728f1000 	C:\Windows\System32\kernel.appcore.dll
0x00007ffd6cac0000 - 0x00007ffd6cad1000 	D:\Android\Android Studio\jre\bin\verify.dll
0x00007ffd62320000 - 0x00007ffd6250d000 	C:\Windows\SYSTEM32\DBGHELP.DLL
0x00007ffd62110000 - 0x00007ffd6213a000 	C:\Windows\SYSTEM32\dbgcore.DLL
0x00007ffd6b600000 - 0x00007ffd6b629000 	D:\Android\Android Studio\jre\bin\java.dll
0x00007ffd6cab0000 - 0x00007ffd6cabb000 	D:\Android\Android Studio\jre\bin\jimage.dll
0x00007ffd6b5e0000 - 0x00007ffd6b5f8000 	D:\Android\Android Studio\jre\bin\zip.dll
0x00007ffd74090000 - 0x00007ffd75589000 	C:\Windows\System32\SHELL32.dll
0x00007ffd765f0000 - 0x00007ffd76698000 	C:\Windows\System32\shcore.dll
0x00007ffd73150000 - 0x00007ffd7389b000 	C:\Windows\System32\windows.storage.dll
0x00007ffd72900000 - 0x00007ffd72924000 	C:\Windows\System32\profapi.dll
0x00007ffd72880000 - 0x00007ffd728dd000 	C:\Windows\System32\powrprof.dll
0x00007ffd76430000 - 0x00007ffd76482000 	C:\Windows\System32\shlwapi.dll
0x00007ffd738a0000 - 0x00007ffd738b7000 	C:\Windows\System32\cryptsp.dll
0x00007ffd6b5c0000 - 0x00007ffd6b5da000 	D:\Android\Android Studio\jre\bin\net.dll
0x00007ffd69b10000 - 0x00007ffd69c01000 	C:\Windows\SYSTEM32\WINHTTP.dll
0x00007ffd72050000 - 0x00007ffd720b7000 	C:\Windows\system32\mswsock.dll
0x00007ffd6b5a0000 - 0x00007ffd6b5b4000 	D:\Android\Android Studio\jre\bin\nio.dll

dbghelp: loaded successfully - version: 4.0.5 - missing functions: none
symbol engine: initialized successfully - sym options: 0x614 - pdb path: .;D:\Android\Android Studio\jre\bin;C:\Windows\SYSTEM32;C:\Windows\WinSxS\amd64_microsoft.windows.common-controls_6595b64144ccf1df_6.0.17763.2114_none_de6e8966534dbac6;D:\Android\Android Studio\jre\bin\server

VM Arguments:
java_command: org.jetbrains.kotlin.cli.jvm.K2JVMCompiler @D:\AndroidProjects\Affirmation\app\build\20210813_15783454067304103794.compiler.options
java_class_path (initial): C:\Users\Home\.gradle\caches\modules-2\files-2.1\org.jetbrains.kotlin\kotlin-compiler-embeddable\1.5.21\40ddbcae9ff100473f95370c2d589ba3fc48eed5\kotlin-compiler-embeddable-1.5.21.jar;C:\Users\Home\.gradle\caches\modules-2\files-2.1\org.jetbrains.kotlin\kotlin-reflect\1.5.21\802f1f39735ae1eb2b75714a40fa19bb2e687e96\kotlin-reflect-1.5.21.jar;C:\Users\Home\.gradle\caches\modules-2\files-2.1\org.jetbrains.kotlin\kotlin-stdlib\1.5.21\2f537cad7e9eeb9da73738c8812e1e4cf9b62e4e\kotlin-stdlib-1.5.21.jar;C:\Users\Home\.gradle\caches\modules-2\files-2.1\org.jetbrains.kotlin\kotlin-script-runtime\1.5.21\96d49e89873fde985750af354b6eabb60cfa999b\kotlin-script-runtime-1.5.21.jar;C:\Users\Home\.gradle\caches\modules-2\files-2.1\org.jetbrains.kotlin\kotlin-daemon-embeddable\1.5.21\17255809e66a940dfdf6289bccbdfb5a09f3145\kotlin-daemon-embeddable-1.5.21.jar;C:\Users\Home\.gradle\caches\modules-2\files-2.1\org.jetbrains.intellij.deps\trove4j\1.0.20181211\216c2e14b070f334479d800987affe4054cd563f\trove4j-1.0.20181211.jar;C:\Users\Home\.gradle\caches\modules-2\files-2.1\org.jetbrains\annotations\13.0\919f0dfe192fb4e063e7dacadee7f8bb9a2672a9\annotations-13.0.jar;C:\Users\Home\.gradle\caches\modules-2\files-2.1\org.jetbrains.kotlin\kotlin-stdlib-common\1.5.21\cc8bf3586fd2ebcf234058b9440bb406e62dfacb\kotlin-stdlib-common-1.5.21.jar
Launcher Type: SUN_STANDARD

[Global flags]
     intx CICompilerCount                          = 3                                         {product} {ergonomic}
     uint ConcGCThreads                            = 1                                         {product} {ergonomic}
     uint G1ConcRefinementThreads                  = 4                                         {product} {ergonomic}
   size_t G1HeapRegionSize                         = 1048576                                   {product} {ergonomic}
    uintx GCDrainStackTargetSize                   = 64                                        {product} {ergonomic}
   size_t InitialHeapSize                          = 65011712                                  {product} {ergonomic}
   size_t MarkStackSize                            = 4194304                                   {product} {ergonomic}
   size_t MaxHeapSize                              = 1031798784                                {product} {ergonomic}
   size_t MaxNewSize                               = 618659840                                 {product} {ergonomic}
   size_t MinHeapDeltaBytes                        = 1048576                                   {product} {ergonomic}
    uintx NonNMethodCodeHeapSize                   = 5830732                                {pd product} {ergonomic}
    uintx NonProfiledCodeHeapSize                  = 122913754                              {pd product} {ergonomic}
    uintx ProfiledCodeHeapSize                     = 122913754                              {pd product} {ergonomic}
    uintx ReservedCodeCacheSize                    = 251658240                              {pd product} {ergonomic}
     bool SegmentedCodeCache                       = true                                      {product} {ergonomic}
     bool UseCompressedClassPointers               = true                                 {lp64_product} {ergonomic}
     bool UseCompressedOops                        = true                                 {lp64_product} {ergonomic}
     bool UseG1GC                                  = true                                      {product} {ergonomic}
     bool UseLargePagesIndividualAllocation        = false                                  {pd product} {ergonomic}

Logging:
Log output configuration:
 #0: stdout all=warning uptime,level,tags
 #1: stderr all=off uptime,level,tags

Environment Variables:
PATH=C:\Program Files (x86)\Common Files\Oracle\Java\javapath;C:\Windows\system32;C:\Windows;C:\Windows\System32\Wbem;C:\Windows\System32\WindowsPowerShell\v1.0\;C:\Windows\System32\OpenSSH\;D:\AndroidProjects\Git\cmd;C:\Users\Home\AppData\Local\Microsoft\WindowsApps;
USERNAME=Home
OS=Windows_NT
PROCESSOR_IDENTIFIER=Intel64 Family 6 Model 42 Stepping 7, GenuineIntel



---------------  S Y S T E M  ---------------

OS: Windows 10 , 64 bit Build 17763 (10.0.17763.2090)
OS uptime: 0 days 1:32 hours

CPU:total 4 (initial active 4) (2 cores per cpu, 2 threads per core) family 6 model 42 stepping 7, cmov, cx8, fxsr, mmx, sse, sse2, sse3, ssse3, sse4.1, sse4.2, popcnt, avx, clmul, ht, tsc, tscinvbit

Memory: 4k page, system-wide physical 3932M (313M free)
TotalPageFile size 4732M (AvailPageFile size 28M)
current process WorkingSet (physical memory assigned to process): 255M, peak: 255M
current process commit charge ("private bytes"): 283M, peak: 322M

vm_info: OpenJDK 64-Bit Server VM (11.0.8+10-b944.6842174) for windows-amd64 JRE (11.0.8+10-b944.6842174), built on Sep 19 2020 01:11:42 by "builder" with MS VC++ 14.0 (VS2015)

END.
