#
# There is insufficient memory for the Java Runtime Environment to continue.
# Native memory allocation (malloc) failed to allocate 1185616 bytes for Chunk::new
# Possible reasons:
#   The system is out of physical RAM or swap space
#   The process is running with CompressedOops enabled, and the Java Heap may be blocking the growth of the native heap
# Possible solutions:
#   Reduce memory load on the system
#   Increase physical memory or swap space
#   Check if swap backing store is full
#   Decrease Java heap size (-Xmx/-Xms)
#   Decrease number of Java threads
#   Decrease Java thread stack sizes (-Xss)
#   Set larger code cache with -XX:ReservedCodeCacheSize=
#   JVM is running with Unscaled Compressed Oops mode in which the Java heap is
#     placed in the first 4GB address space. The Java Heap base address is the
#     maximum limit for the native heap growth. Please use -XX:HeapBaseMinAddress
#     to set the Java Heap base and to place the Java Heap above 4GB virtual address.
# This output file may be truncated or incomplete.
#
#  Out of Memory Error (./src/hotspot/share/memory/arena.cpp:197), pid=4616, tid=3364
#
# JRE version: OpenJDK Runtime Environment (11.0.8+10) (build 11.0.8+10-b944.6842174)
# Java VM: OpenJDK 64-Bit Server VM (11.0.8+10-b944.6842174, mixed mode, tiered, compressed oops, g1 gc, windows-amd64)
# No core dump will be written. Minidumps are not enabled by default on client versions of Windows
#

---------------  S U M M A R Y ------------

Command Line: org.jetbrains.kotlin.cli.jvm.K2JVMCompiler @D:\AndroidProjects\Affirmation\app\build\20210813_11120174032752993060.compiler.options

Host: Intel(R) Core(TM) i3-2370M CPU @ 2.40GHz, 4 cores, 3G,  Windows 10 , 64 bit Build 17763 (10.0.17763.2090)
Time: Fri Aug 13 16:25:02 2021 RTZ 2 (ceia) elapsed time: 17 seconds (0d 0h 0m 17s)

---------------  T H R E A D  ---------------

Current thread (0x0000020079ce0000):  JavaThread "C2 CompilerThread0" daemon [_thread_in_native, id=3364, stack(0x000000a1b7100000,0x000000a1b7200000)]


Current CompileTask:
C2:  17925 6571       4       org.jetbrains.kotlin.types.TypeUtils::contains (298 bytes)

Stack: [0x000000a1b7100000,0x000000a1b7200000]
Native frames: (J=compiled Java code, j=interpreted, Vv=VM code, C=native code)
V  [jvm.dll+0x5de50a]
V  [jvm.dll+0x7122f5]
V  [jvm.dll+0x71384d]
V  [jvm.dll+0x713f03]
V  [jvm.dll+0x23e728]
V  [jvm.dll+0xb899c]
V  [jvm.dll+0xb8e9c]
V  [jvm.dll+0x35020b]
V  [jvm.dll+0x31dea3]
V  [jvm.dll+0x31d39a]
V  [jvm.dll+0x1f7702]
V  [jvm.dll+0x1f68d4]
V  [jvm.dll+0x17f32c]
V  [jvm.dll+0x205047]
V  [jvm.dll+0x203891]
V  [jvm.dll+0x6dad3f]
V  [jvm.dll+0x6d3895]
V  [jvm.dll+0x5dd4a6]
C  [ucrtbase.dll+0x2268a]
C  [KERNEL32.DLL+0x17974]
C  [ntdll.dll+0x5a2f1]


---------------  P R O C E S S  ---------------

Threads class SMR info:
_java_thread_list=0x000002007cb824e0, length=11, elements={
0x00000200629ca000, 0x0000020079c5c800, 0x0000020079c88800, 0x0000020079cdb800,
0x0000020079cdd000, 0x0000020079ce0000, 0x0000020079cf5800, 0x000002007a608800,
0x000002007a761000, 0x000002007a76a800, 0x000002007ca8a000
}

Java Threads: ( => current thread )
  0x00000200629ca000 JavaThread "main" [_thread_blocked, id=416, stack(0x000000a1b6600000,0x000000a1b6700000)]
  0x0000020079c5c800 JavaThread "Reference Handler" daemon [_thread_blocked, id=5796, stack(0x000000a1b6d00000,0x000000a1b6e00000)]
  0x0000020079c88800 JavaThread "Finalizer" daemon [_thread_blocked, id=4464, stack(0x000000a1b6e00000,0x000000a1b6f00000)]
  0x0000020079cdb800 JavaThread "Signal Dispatcher" daemon [_thread_blocked, id=7064, stack(0x000000a1b6f00000,0x000000a1b7000000)]
  0x0000020079cdd000 JavaThread "Attach Listener" daemon [_thread_blocked, id=2688, stack(0x000000a1b7000000,0x000000a1b7100000)]
=>0x0000020079ce0000 JavaThread "C2 CompilerThread0" daemon [_thread_in_native, id=3364, stack(0x000000a1b7100000,0x000000a1b7200000)]
  0x0000020079cf5800 JavaThread "C1 CompilerThread0" daemon [_thread_blocked, id=2020, stack(0x000000a1b7200000,0x000000a1b7300000)]
  0x000002007a608800 JavaThread "Sweeper thread" daemon [_thread_blocked, id=3352, stack(0x000000a1b7300000,0x000000a1b7400000)]
  0x000002007a761000 JavaThread "Service Thread" daemon [_thread_blocked, id=4764, stack(0x000000a1b7400000,0x000000a1b7500000)]
  0x000002007a76a800 JavaThread "Common-Cleaner" daemon [_thread_blocked, id=2144, stack(0x000000a1b7600000,0x000000a1b7700000)]
  0x000002007ca8a000 JavaThread "C2 CompilerThread1" daemon [_thread_blocked, id=6412, stack(0x000000a1b7800000,0x000000a1b7900000)]

Other Threads:
  0x0000020079c5b800 VMThread "VM Thread" [stack: 0x000000a1b6c00000,0x000000a1b6d00000] [id=2420]
  0x000002007a766000 WatcherThread [stack: 0x000000a1b7500000,0x000000a1b7600000] [id=2492]
  0x00000200629e3000 GCTaskThread "GC Thread#0" [stack: 0x000000a1b6700000,0x000000a1b6800000] [id=3480]
  0x000002007ac39800 GCTaskThread "GC Thread#1" [stack: 0x000000a1b7700000,0x000000a1b7800000] [id=7016]
  0x0000020062a00800 ConcurrentGCThread "G1 Main Marker" [stack: 0x000000a1b6800000,0x000000a1b6900000] [id=5896]
  0x0000020062a01800 ConcurrentGCThread "G1 Conc#0" [stack: 0x000000a1b6900000,0x000000a1b6a00000] [id=3468]
  0x0000020062a59800 ConcurrentGCThread "G1 Refine#0" [stack: 0x000000a1b6a00000,0x000000a1b6b00000] [id=6736]
  0x0000020062a5a800 ConcurrentGCThread "G1 Young RemSet Sampling" [stack: 0x000000a1b6b00000,0x000000a1b6c00000] [id=3760]

Threads with active compile tasks:
C2 CompilerThread0  17947 6571       4       org.jetbrains.kotlin.types.TypeUtils::contains (298 bytes)
C1 CompilerThread0  17947 6686       3       org.jetbrains.kotlin.psi2ir.generators.BodyGenerator::<init> (64 bytes)
C2 CompilerThread1  17947 6202       4       org.jetbrains.org.objectweb.asm.ClassReader::readMethod (1061 bytes)

VM state:at safepoint (normal execution)

VM Mutex/Monitor currently owned by a thread:  ([mutex/lock_event])
[0x00000200629c8640] Threads_lock - owner thread: 0x0000020079c5b800
[0x00000200629c86d0] Heap_lock - owner thread: 0x00000200629ca000

Heap address: 0x00000000c2800000, size: 984 MB, Compressed Oops mode: 32-bit
Narrow klass base: 0x0000000000000000, Narrow klass shift: 3
Compressed class space size: 1073741824 Address: 0x0000000100000000

Heap:
 garbage-first heap   total 92160K, used 69648K [0x00000000c2800000, 0x0000000100000000)
  region size 1024K, 24 young (24576K), 2 survivors (2048K)
 Metaspace       used 58579K, capacity 59116K, committed 59292K, reserved 1101824K
  class space    used 6601K, capacity 6811K, committed 6860K, reserved 1048576K
Heap Regions: E=young(eden), S=young(survivor), O=old, HS=humongous(starts), HC=humongous(continues), CS=collection set, F=free, A=archive, TAMS=top-at-mark-start (previous, next)
|   0|0x00000000c2800000, 0x00000000c2900000, 0x00000000c2900000|100%|HS|  |TAMS 0x00000000c2900000, 0x00000000c2900000| Complete 
|   1|0x00000000c2900000, 0x00000000c2a00000, 0x00000000c2a00000|100%|HC|  |TAMS 0x00000000c2a00000, 0x00000000c2a00000| Complete 
|   2|0x00000000c2a00000, 0x00000000c2b00000, 0x00000000c2b00000|100%|HC|  |TAMS 0x00000000c2b00000, 0x00000000c2b00000| Complete 
|   3|0x00000000c2b00000, 0x00000000c2c00000, 0x00000000c2c00000|100%| O|  |TAMS 0x00000000c2c00000, 0x00000000c2c00000| Untracked 
|   4|0x00000000c2c00000, 0x00000000c2d00000, 0x00000000c2d00000|100%| O|  |TAMS 0x00000000c2d00000, 0x00000000c2d00000| Untracked 
|   5|0x00000000c2d00000, 0x00000000c2e00000, 0x00000000c2e00000|100%| O|  |TAMS 0x00000000c2e00000, 0x00000000c2e00000| Untracked 
|   6|0x00000000c2e00000, 0x00000000c2f00000, 0x00000000c2f00000|100%| O|  |TAMS 0x00000000c2f00000, 0x00000000c2f00000| Untracked 
|   7|0x00000000c2f00000, 0x00000000c3000000, 0x00000000c3000000|100%| O|  |TAMS 0x00000000c3000000, 0x00000000c3000000| Untracked 
|   8|0x00000000c3000000, 0x00000000c3100000, 0x00000000c3100000|100%| O|  |TAMS 0x00000000c3100000, 0x00000000c3100000| Untracked 
|   9|0x00000000c3100000, 0x00000000c3200000, 0x00000000c3200000|100%|HS|  |TAMS 0x00000000c3200000, 0x00000000c3200000| Complete 
|  10|0x00000000c3200000, 0x00000000c3300000, 0x00000000c3300000|100%|HC|  |TAMS 0x00000000c3300000, 0x00000000c3300000| Complete 
|  11|0x00000000c3300000, 0x00000000c3400000, 0x00000000c3400000|100%|HC|  |TAMS 0x00000000c3400000, 0x00000000c3400000| Complete 
|  12|0x00000000c3400000, 0x00000000c3500000, 0x00000000c3500000|100%|HS|  |TAMS 0x00000000c3500000, 0x00000000c3500000| Complete 
|  13|0x00000000c3500000, 0x00000000c3600000, 0x00000000c3600000|100%|HC|  |TAMS 0x00000000c3600000, 0x00000000c3600000| Complete 
|  14|0x00000000c3600000, 0x00000000c3700000, 0x00000000c3700000|100%|HC|  |TAMS 0x00000000c3700000, 0x00000000c3700000| Complete 
|  15|0x00000000c3700000, 0x00000000c3800000, 0x00000000c3800000|100%|HS|  |TAMS 0x00000000c3800000, 0x00000000c3800000| Complete 
|  16|0x00000000c3800000, 0x00000000c3900000, 0x00000000c3900000|100%|HC|  |TAMS 0x00000000c3900000, 0x00000000c3900000| Complete 
|  17|0x00000000c3900000, 0x00000000c3a00000, 0x00000000c3a00000|100%| O|  |TAMS 0x00000000c3a00000, 0x00000000c3a00000| Untracked 
|  18|0x00000000c3a00000, 0x00000000c3b00000, 0x00000000c3b00000|100%| O|  |TAMS 0x00000000c3b00000, 0x00000000c3b00000| Untracked 
|  19|0x00000000c3b00000, 0x00000000c3c00000, 0x00000000c3c00000|100%| O|  |TAMS 0x00000000c3c00000, 0x00000000c3c00000| Untracked 
|  20|0x00000000c3c00000, 0x00000000c3d00000, 0x00000000c3d00000|100%| O|  |TAMS 0x00000000c3d00000, 0x00000000c3d00000| Untracked 
|  21|0x00000000c3d00000, 0x00000000c3e00000, 0x00000000c3e00000|100%| O|  |TAMS 0x00000000c3e00000, 0x00000000c3e00000| Untracked 
|  22|0x00000000c3e00000, 0x00000000c3f00000, 0x00000000c3f00000|100%| O|  |TAMS 0x00000000c3f00000, 0x00000000c3f00000| Untracked 
|  23|0x00000000c3f00000, 0x00000000c4000000, 0x00000000c4000000|100%| O|  |TAMS 0x00000000c4000000, 0x00000000c4000000| Untracked 
|  24|0x00000000c4000000, 0x00000000c4100000, 0x00000000c4100000|100%| O|  |TAMS 0x00000000c4069400, 0x00000000c4100000| Untracked 
|  25|0x00000000c4100000, 0x00000000c4200000, 0x00000000c4200000|100%| O|  |TAMS 0x00000000c4100000, 0x00000000c4200000| Untracked 
|  26|0x00000000c4200000, 0x00000000c4300000, 0x00000000c4300000|100%| O|  |TAMS 0x00000000c4200000, 0x00000000c4300000| Untracked 
|  27|0x00000000c4300000, 0x00000000c4400000, 0x00000000c4400000|100%| O|  |TAMS 0x00000000c4300000, 0x00000000c4400000| Untracked 
|  28|0x00000000c4400000, 0x00000000c4500000, 0x00000000c4500000|100%| O|  |TAMS 0x00000000c4400000, 0x00000000c4500000| Untracked 
|  29|0x00000000c4500000, 0x00000000c4600000, 0x00000000c4600000|100%| O|  |TAMS 0x00000000c4500000, 0x00000000c4600000| Untracked 
|  30|0x00000000c4600000, 0x00000000c4700000, 0x00000000c4700000|100%| O|  |TAMS 0x00000000c4600000, 0x00000000c4700000| Untracked 
|  31|0x00000000c4700000, 0x00000000c4800000, 0x00000000c4800000|100%| O|  |TAMS 0x00000000c4700000, 0x00000000c4800000| Untracked 
|  32|0x00000000c4800000, 0x00000000c4900000, 0x00000000c4900000|100%| O|  |TAMS 0x00000000c4800000, 0x00000000c4900000| Untracked 
|  33|0x00000000c4900000, 0x00000000c4a00000, 0x00000000c4a00000|100%| O|  |TAMS 0x00000000c4900000, 0x00000000c4a00000| Untracked 
|  34|0x00000000c4a00000, 0x00000000c4b00000, 0x00000000c4b00000|100%| O|  |TAMS 0x00000000c4a00000, 0x00000000c4b00000| Untracked 
|  35|0x00000000c4b00000, 0x00000000c4c00000, 0x00000000c4c00000|100%| O|  |TAMS 0x00000000c4b00000, 0x00000000c4c00000| Untracked 
|  36|0x00000000c4c00000, 0x00000000c4d00000, 0x00000000c4d00000|100%| O|  |TAMS 0x00000000c4c00000, 0x00000000c4d00000| Untracked 
|  37|0x00000000c4d00000, 0x00000000c4e00000, 0x00000000c4e00000|100%| O|  |TAMS 0x00000000c4d00000, 0x00000000c4e00000| Untracked 
|  38|0x00000000c4e00000, 0x00000000c4f00000, 0x00000000c4f00000|100%| O|  |TAMS 0x00000000c4e00000, 0x00000000c4f00000| Untracked 
|  39|0x00000000c4f00000, 0x00000000c5000000, 0x00000000c5000000|100%| O|  |TAMS 0x00000000c4f00000, 0x00000000c5000000| Untracked 
|  40|0x00000000c5000000, 0x00000000c5100000, 0x00000000c5100000|100%| O|  |TAMS 0x00000000c5000000, 0x00000000c5100000| Untracked 
|  41|0x00000000c5100000, 0x00000000c5200000, 0x00000000c5200000|100%| O|  |TAMS 0x00000000c5100000, 0x00000000c5200000| Untracked 
|  42|0x00000000c5200000, 0x00000000c5300000, 0x00000000c5300000|100%| O|  |TAMS 0x00000000c5200000, 0x00000000c5300000| Untracked 
|  43|0x00000000c5300000, 0x00000000c5400000, 0x00000000c5400000|100%| O|  |TAMS 0x00000000c5300000, 0x00000000c5400000| Untracked 
|  44|0x00000000c5400000, 0x00000000c5500000, 0x00000000c5500000|100%| O|  |TAMS 0x00000000c5400000, 0x00000000c5500000| Untracked 
|  45|0x00000000c5500000, 0x00000000c55a2800, 0x00000000c5600000| 63%| O|  |TAMS 0x00000000c5500000, 0x00000000c55a2800| Untracked 
|  46|0x00000000c5600000, 0x00000000c5600000, 0x00000000c5700000|  0%| F|  |TAMS 0x00000000c5600000, 0x00000000c5600000| Untracked 
|  47|0x00000000c5700000, 0x00000000c5700000, 0x00000000c5800000|  0%| F|  |TAMS 0x00000000c5700000, 0x00000000c5700000| Untracked 
|  48|0x00000000c5800000, 0x00000000c5800000, 0x00000000c5900000|  0%| F|  |TAMS 0x00000000c5800000, 0x00000000c5800000| Untracked 
|  49|0x00000000c5900000, 0x00000000c5900000, 0x00000000c5a00000|  0%| F|  |TAMS 0x00000000c5900000, 0x00000000c5900000| Untracked 
|  50|0x00000000c5a00000, 0x00000000c5a00000, 0x00000000c5b00000|  0%| F|  |TAMS 0x00000000c5a00000, 0x00000000c5a00000| Untracked 
|  51|0x00000000c5b00000, 0x00000000c5b00000, 0x00000000c5c00000|  0%| F|  |TAMS 0x00000000c5b00000, 0x00000000c5b00000| Untracked 
|  52|0x00000000c5c00000, 0x00000000c5c00000, 0x00000000c5d00000|  0%| F|  |TAMS 0x00000000c5c00000, 0x00000000c5c00000| Untracked 
|  53|0x00000000c5d00000, 0x00000000c5d00000, 0x00000000c5e00000|  0%| F|  |TAMS 0x00000000c5d00000, 0x00000000c5d00000| Untracked 
|  54|0x00000000c5e00000, 0x00000000c5e00000, 0x00000000c5f00000|  0%| F|  |TAMS 0x00000000c5e00000, 0x00000000c5e00000| Untracked 
|  55|0x00000000c5f00000, 0x00000000c5f00000, 0x00000000c6000000|  0%| F|  |TAMS 0x00000000c5f00000, 0x00000000c5f00000| Untracked 
|  56|0x00000000c6000000, 0x00000000c6000000, 0x00000000c6100000|  0%| F|  |TAMS 0x00000000c6000000, 0x00000000c6000000| Untracked 
|  57|0x00000000c6100000, 0x00000000c6100000, 0x00000000c6200000|  0%| F|  |TAMS 0x00000000c6100000, 0x00000000c6100000| Untracked 
|  58|0x00000000c6200000, 0x00000000c6200000, 0x00000000c6300000|  0%| F|  |TAMS 0x00000000c6200000, 0x00000000c6200000| Untracked 
|  59|0x00000000c6300000, 0x00000000c6300000, 0x00000000c6400000|  0%| F|  |TAMS 0x00000000c6300000, 0x00000000c6300000| Untracked 
|  60|0x00000000c6400000, 0x00000000c6400000, 0x00000000c6500000|  0%| F|  |TAMS 0x00000000c6400000, 0x00000000c6400000| Untracked 
|  61|0x00000000c6500000, 0x00000000c6500000, 0x00000000c6600000|  0%| F|  |TAMS 0x00000000c6500000, 0x00000000c6500000| Untracked 
|  62|0x00000000c6600000, 0x00000000c6600000, 0x00000000c6700000|  0%| F|  |TAMS 0x00000000c6600000, 0x00000000c6600000| Untracked 
|  63|0x00000000c6700000, 0x00000000c6700000, 0x00000000c6800000|  0%| F|  |TAMS 0x00000000c6700000, 0x00000000c6700000| Untracked 
|  64|0x00000000c6800000, 0x00000000c6800000, 0x00000000c6900000|  0%| F|  |TAMS 0x00000000c6800000, 0x00000000c6800000| Untracked 
|  65|0x00000000c6900000, 0x00000000c6900000, 0x00000000c6a00000|  0%| F|  |TAMS 0x00000000c6900000, 0x00000000c6900000| Untracked 
|  66|0x00000000c6a00000, 0x00000000c6aa0690, 0x00000000c6b00000| 62%| S|CS|TAMS 0x00000000c6a00000, 0x00000000c6a00000| Complete 
|  67|0x00000000c6b00000, 0x00000000c6c00000, 0x00000000c6c00000|100%| S|CS|TAMS 0x00000000c6b00000, 0x00000000c6b00000| Complete 
|  68|0x00000000c6c00000, 0x00000000c6c00000, 0x00000000c6d00000|  0%| F|  |TAMS 0x00000000c6c00000, 0x00000000c6c00000| Untracked 
|  69|0x00000000c6d00000, 0x00000000c6d00000, 0x00000000c6e00000|  0%| F|  |TAMS 0x00000000c6d00000, 0x00000000c6d00000| Untracked 
|  70|0x00000000c6e00000, 0x00000000c6e00000, 0x00000000c6f00000|  0%| F|  |TAMS 0x00000000c6e00000, 0x00000000c6e00000| Untracked 
|  71|0x00000000c6f00000, 0x00000000c6f00000, 0x00000000c7000000|  0%| F|  |TAMS 0x00000000c6f00000, 0x00000000c6f00000| Untracked 
|  72|0x00000000c7000000, 0x00000000c7000000, 0x00000000c7100000|  0%| F|  |TAMS 0x00000000c7000000, 0x00000000c7000000| Untracked 
|  73|0x00000000c7100000, 0x00000000c7100000, 0x00000000c7200000|  0%| F|  |TAMS 0x00000000c7100000, 0x00000000c7100000| Untracked 
|  74|0x00000000c7200000, 0x00000000c7200000, 0x00000000c7300000|  0%| F|  |TAMS 0x00000000c7200000, 0x00000000c7200000| Untracked 
|  75|0x00000000c7300000, 0x00000000c7300000, 0x00000000c7400000|  0%| F|  |TAMS 0x00000000c7300000, 0x00000000c7300000| Untracked 
|  76|0x00000000c7400000, 0x00000000c7400000, 0x00000000c7500000|  0%| F|  |TAMS 0x00000000c7400000, 0x00000000c7400000| Untracked 
|  77|0x00000000c7500000, 0x00000000c7500000, 0x00000000c7600000|  0%| F|  |TAMS 0x00000000c7500000, 0x00000000c7500000| Untracked 
|  78|0x00000000c7600000, 0x00000000c7600000, 0x00000000c7700000|  0%| F|  |TAMS 0x00000000c7600000, 0x00000000c7600000| Untracked 
|  79|0x00000000c7700000, 0x00000000c7700000, 0x00000000c7800000|  0%| F|  |TAMS 0x00000000c7700000, 0x00000000c7700000| Untracked 
|  80|0x00000000c7800000, 0x00000000c7800000, 0x00000000c7900000|  0%| F|  |TAMS 0x00000000c7800000, 0x00000000c7800000| Untracked 
|  81|0x00000000c7900000, 0x00000000c7900000, 0x00000000c7a00000|  0%| F|  |TAMS 0x00000000c7900000, 0x00000000c7900000| Untracked 
|  82|0x00000000c7a00000, 0x00000000c7a00000, 0x00000000c7b00000|  0%| F|  |TAMS 0x00000000c7a00000, 0x00000000c7a00000| Untracked 
|  83|0x00000000c7b00000, 0x00000000c7b00000, 0x00000000c7c00000|  0%| F|  |TAMS 0x00000000c7b00000, 0x00000000c7b00000| Untracked 
|  84|0x00000000c7c00000, 0x00000000c7c00000, 0x00000000c7d00000|  0%| F|  |TAMS 0x00000000c7c00000, 0x00000000c7c00000| Untracked 
|  85|0x00000000c7d00000, 0x00000000c7d00000, 0x00000000c7e00000|  0%| F|  |TAMS 0x00000000c7d00000, 0x00000000c7d00000| Untracked 
|  86|0x00000000c7e00000, 0x00000000c7e00000, 0x00000000c7f00000|  0%| F|  |TAMS 0x00000000c7e00000, 0x00000000c7e00000| Untracked 
|  87|0x00000000c7f00000, 0x00000000c7f00000, 0x00000000c8000000|  0%| F|  |TAMS 0x00000000c7f00000, 0x00000000c7f00000| Untracked 
|  88|0x00000000c8000000, 0x00000000c8000000, 0x00000000c8100000|  0%| F|  |TAMS 0x00000000c8000000, 0x00000000c8000000| Untracked 
|  89|0x00000000c8100000, 0x00000000c8100000, 0x00000000c8200000|  0%| F|  |TAMS 0x00000000c8100000, 0x00000000c8100000| Untracked 

Card table byte_map: [0x0000020075530000,0x0000020075720000] _byte_map_base: 0x0000020074f1c000

Marking Bits (Prev, Next): (CMBitMap*) 0x00000200629fba70, (CMBitMap*) 0x00000200629fba38
 Prev Bits: [0x0000020076870000, 0x00000200777d0000)
 Next Bits: [0x0000020075910000, 0x0000020076870000)

Polling page: 0x0000020060910000

Metaspace:

Usage:
  Non-class:     51.08 MB capacity,    50.76 MB (>99%) used,   243.74 KB ( <1%) free+waste,    82.50 KB ( <1%) overhead. 
      Class:      6.65 MB capacity,     6.45 MB ( 97%) used,   177.11 KB (  3%) free+waste,    32.88 KB ( <1%) overhead. 
       Both:     57.73 MB capacity,    57.21 MB (>99%) used,   420.85 KB ( <1%) free+waste,   115.38 KB ( <1%) overhead. 

Virtual space:
  Non-class space:       52.00 MB reserved,      51.20 MB ( 98%) committed 
      Class space:        1.00 GB reserved,       6.70 MB ( <1%) committed 
             Both:        1.05 GB reserved,      57.90 MB (  5%) committed 

Chunk freelists:
   Non-Class:  63.00 KB
       Class:  5.00 KB
        Both:  68.00 KB

MaxMetaspaceSize: 17179869184.00 GB
CompressedClassSpaceSize: 1.00 GB

CodeHeap 'non-profiled nmethods': size=120064Kb used=3065Kb max_used=3065Kb free=116998Kb
 bounds [0x000002006de00000, 0x000002006e100000, 0x0000020075340000]
CodeHeap 'profiled nmethods': size=120000Kb used=17536Kb max_used=17536Kb free=102463Kb
 bounds [0x00000200668d0000, 0x0000020067a00000, 0x000002006de00000]
CodeHeap 'non-nmethods': size=5696Kb used=1233Kb max_used=1288Kb free=4462Kb
 bounds [0x0000020066340000, 0x00000200665b0000, 0x00000200668d0000]
 total_blobs=7243 nmethods=6635 adapters=518
 compilation: enabled
              stopped_count=0, restarted_count=0
 full_count=0

Compilation events (20 events):
Event: 17.895 Thread 0x0000020079cf5800 nmethod 6671 0x00000200679d8790 code [0x00000200679d8b60, 0x00000200679da1f8]
Event: 17.896 Thread 0x0000020079cf5800 6672       3       org.jetbrains.kotlin.backend.jvm.JvmNameProvider::nameForValueParameter (154 bytes)
Event: 17.898 Thread 0x0000020079cf5800 nmethod 6672 0x00000200679da990 code [0x00000200679dad60, 0x00000200679dc558]
Event: 17.898 Thread 0x0000020079cf5800 6673       3       org.jetbrains.kotlin.ir.declarations.IrFactory$DefaultImpls::createFunction$default (81 bytes)
Event: 17.899 Thread 0x0000020079cf5800 nmethod 6673 0x00000200679dcc90 code [0x00000200679dcea0, 0x00000200679dd4a8]
Event: 17.899 Thread 0x0000020079cf5800 6674       3       org.jetbrains.kotlin.ir.declarations.impl.IrFactoryImpl::createFunction (83 bytes)
Event: 17.902 Thread 0x0000020079cf5800 nmethod 6674 0x00000200679dd790 code [0x00000200679ddc20, 0x00000200679df9c8]
Event: 17.902 Thread 0x0000020079cf5800 6675       3       org.jetbrains.kotlin.ir.declarations.impl.IrFunctionImpl::<init> (104 bytes)
Event: 17.906 Thread 0x0000020079cf5800 nmethod 6675 0x00000200679e0610 code [0x00000200679e0ac0, 0x00000200679e2998]
Event: 17.906 Thread 0x0000020079cf5800 6676       3       org.jetbrains.kotlin.ir.declarations.impl.IrFunctionCommonImpl::<init> (149 bytes)
Event: 17.909 Thread 0x0000020079cf5800 nmethod 6676 0x00000200679e3590 code [0x00000200679e39a0, 0x00000200679e54f8]
Event: 17.909 Thread 0x0000020079cf5800 6677       3       org.jetbrains.kotlin.psi2ir.generators.DeclarationGenerator::generateFakeOverrideDeclaration (132 bytes)
Event: 17.911 Thread 0x0000020079cf5800 nmethod 6677 0x00000200679e5e90 code [0x00000200679e62c0, 0x00000200679e8008]
Event: 17.911 Thread 0x0000020079cf5800 6678       3       org.jetbrains.kotlin.backend.common.serialization.CityHashKt::hashLen16-nJd8lh8 (125 bytes)
Event: 17.912 Thread 0x0000020079cf5800 nmethod 6678 0x00000200679e8910 code [0x00000200679e8b00, 0x00000200679e8f58]
Event: 17.915 Thread 0x0000020079cf5800 6679       3       org.jetbrains.kotlin.descriptors.impl.AbstractReceiverParameterDescriptor::getOriginal (11 bytes)
Event: 17.915 Thread 0x0000020079cf5800 nmethod 6679 0x00000200679e9190 code [0x00000200679e9340, 0x00000200679e9458]
Event: 17.918 Thread 0x0000020079cf5800 6680       3       org.jetbrains.kotlin.backend.jvm.serialization.JvmIdSignatureDescriptor$JvmDescriptorBasedSignatureBuilder::isCapturingTypeParameter (159 bytes)
Event: 17.921 Thread 0x0000020079cf5800 nmethod 6680 0x00000200679e9510 code [0x00000200679e99c0, 0x00000200679ebd98]
Event: 17.921 Thread 0x0000020079cf5800 6681   !   3       org.jetbrains.kotlin.ir.util.SymbolTable::referenceSimpleFunction (267 bytes)

GC Heap History (20 events):
Event: 5.421 GC heap before
{Heap before GC invocations=5 (full 0):
 garbage-first heap   total 63488K, used 40631K [0x00000000c2800000, 0x0000000100000000)
  region size 1024K, 24 young (24576K), 2 survivors (2048K)
 Metaspace       used 30529K, capacity 31019K, committed 31228K, reserved 1077248K
  class space    used 3617K, capacity 3793K, committed 3840K, reserved 1048576K
}
Event: 5.444 GC heap after
{Heap after GC invocations=6 (full 0):
 garbage-first heap   total 63488K, used 23010K [0x00000000c2800000, 0x0000000100000000)
  region size 1024K, 3 young (3072K), 3 survivors (3072K)
 Metaspace       used 30529K, capacity 31019K, committed 31228K, reserved 1077248K
  class space    used 3617K, capacity 3793K, committed 3840K, reserved 1048576K
}
Event: 6.245 GC heap before
{Heap before GC invocations=6 (full 0):
 garbage-first heap   total 63488K, used 42466K [0x00000000c2800000, 0x0000000100000000)
  region size 1024K, 22 young (22528K), 3 survivors (3072K)
 Metaspace       used 34699K, capacity 35146K, committed 35324K, reserved 1081344K
  class space    used 4080K, capacity 4251K, committed 4352K, reserved 1048576K
}
Event: 6.264 GC heap after
{Heap after GC invocations=7 (full 0):
 garbage-first heap   total 76800K, used 25190K [0x00000000c2800000, 0x0000000100000000)
  region size 1024K, 2 young (2048K), 2 survivors (2048K)
 Metaspace       used 34699K, capacity 35146K, committed 35324K, reserved 1081344K
  class space    used 4080K, capacity 4251K, committed 4352K, reserved 1048576K
}
Event: 6.409 GC heap before
{Heap before GC invocations=7 (full 0):
 garbage-first heap   total 76800K, used 29286K [0x00000000c2800000, 0x0000000100000000)
  region size 1024K, 7 young (7168K), 2 survivors (2048K)
 Metaspace       used 35637K, capacity 36023K, committed 36048K, reserved 1081344K
  class space    used 4181K, capacity 4349K, committed 4352K, reserved 1048576K
}
Event: 6.418 GC heap after
{Heap after GC invocations=8 (full 0):
 garbage-first heap   total 76800K, used 25799K [0x00000000c2800000, 0x0000000100000000)
  region size 1024K, 3 young (3072K), 3 survivors (3072K)
 Metaspace       used 35637K, capacity 36023K, committed 36048K, reserved 1081344K
  class space    used 4181K, capacity 4349K, committed 4352K, reserved 1048576K
}
Event: 7.494 GC heap before
{Heap before GC invocations=9 (full 0):
 garbage-first heap   total 76800K, used 45255K [0x00000000c2800000, 0x0000000100000000)
  region size 1024K, 23 young (23552K), 3 survivors (3072K)
 Metaspace       used 39724K, capacity 40221K, committed 40476K, reserved 1085440K
  class space    used 4710K, capacity 4895K, committed 4940K, reserved 1048576K
}
Event: 7.514 GC heap after
{Heap after GC invocations=10 (full 0):
 garbage-first heap   total 76800K, used 27275K [0x00000000c2800000, 0x0000000100000000)
  region size 1024K, 3 young (3072K), 3 survivors (3072K)
 Metaspace       used 39724K, capacity 40221K, committed 40476K, reserved 1085440K
  class space    used 4710K, capacity 4895K, committed 4940K, reserved 1048576K
}
Event: 10.781 GC heap before
{Heap before GC invocations=11 (full 0):
 garbage-first heap   total 76800K, used 48779K [0x00000000c2800000, 0x0000000100000000)
  region size 1024K, 24 young (24576K), 3 survivors (3072K)
 Metaspace       used 45136K, capacity 45593K, committed 45724K, reserved 1089536K
  class space    used 5342K, capacity 5511K, committed 5580K, reserved 1048576K
}
Event: 10.799 GC heap after
{Heap after GC invocations=12 (full 0):
 garbage-first heap   total 76800K, used 29122K [0x00000000c2800000, 0x0000000100000000)
  region size 1024K, 3 young (3072K), 3 survivors (3072K)
 Metaspace       used 45136K, capacity 45593K, committed 45724K, reserved 1089536K
  class space    used 5342K, capacity 5511K, committed 5580K, reserved 1048576K
}
Event: 11.197 GC heap before
{Heap before GC invocations=12 (full 0):
 garbage-first heap   total 76800K, used 52674K [0x00000000c2800000, 0x0000000100000000)
  region size 1024K, 25 young (25600K), 3 survivors (3072K)
 Metaspace       used 45680K, capacity 46144K, committed 46492K, reserved 1089536K
  class space    used 5381K, capacity 5544K, committed 5580K, reserved 1048576K
}
Event: 11.214 GC heap after
{Heap after GC invocations=13 (full 0):
 garbage-first heap   total 76800K, used 31602K [0x00000000c2800000, 0x0000000100000000)
  region size 1024K, 4 young (4096K), 4 survivors (4096K)
 Metaspace       used 45680K, capacity 46144K, committed 46492K, reserved 1089536K
  class space    used 5381K, capacity 5544K, committed 5580K, reserved 1048576K
}
Event: 12.178 GC heap before
{Heap before GC invocations=13 (full 0):
 garbage-first heap   total 76800K, used 53106K [0x00000000c2800000, 0x0000000100000000)
  region size 1024K, 25 young (25600K), 4 survivors (4096K)
 Metaspace       used 47600K, capacity 48098K, committed 48284K, reserved 1091584K
  class space    used 5551K, capacity 5743K, committed 5836K, reserved 1048576K
}
Event: 12.205 GC heap after
{Heap after GC invocations=14 (full 0):
 garbage-first heap   total 92160K, used 34799K [0x00000000c2800000, 0x0000000100000000)
  region size 1024K, 4 young (4096K), 4 survivors (4096K)
 Metaspace       used 47600K, capacity 48098K, committed 48284K, reserved 1091584K
  class space    used 5551K, capacity 5743K, committed 5836K, reserved 1048576K
}
Event: 14.174 GC heap before
{Heap before GC invocations=14 (full 0):
 garbage-first heap   total 92160K, used 61423K [0x00000000c2800000, 0x0000000100000000)
  region size 1024K, 30 young (30720K), 4 survivors (4096K)
 Metaspace       used 49087K, capacity 49544K, committed 49820K, reserved 1093632K
  class space    used 5608K, capacity 5777K, committed 5836K, reserved 1048576K
}
Event: 14.212 GC heap after
{Heap after GC invocations=15 (full 0):
 garbage-first heap   total 92160K, used 39472K [0x00000000c2800000, 0x0000000100000000)
  region size 1024K, 4 young (4096K), 4 survivors (4096K)
 Metaspace       used 49087K, capacity 49544K, committed 49820K, reserved 1093632K
  class space    used 5608K, capacity 5777K, committed 5836K, reserved 1048576K
}
Event: 15.662 GC heap before
{Heap before GC invocations=15 (full 0):
 garbage-first heap   total 92160K, used 64048K [0x00000000c2800000, 0x0000000100000000)
  region size 1024K, 29 young (29696K), 4 survivors (4096K)
 Metaspace       used 51644K, capacity 52200K, committed 52508K, reserved 1095680K
  class space    used 5891K, capacity 6088K, committed 6220K, reserved 1048576K
}
Event: 15.699 GC heap after
{Heap after GC invocations=16 (full 0):
 garbage-first heap   total 92160K, used 43400K [0x00000000c2800000, 0x0000000100000000)
  region size 1024K, 4 young (4096K), 4 survivors (4096K)
 Metaspace       used 51644K, capacity 52200K, committed 52508K, reserved 1095680K
  class space    used 5891K, capacity 6088K, committed 6220K, reserved 1048576K
}
Event: 17.080 GC heap before
{Heap before GC invocations=16 (full 0):
 garbage-first heap   total 92160K, used 67976K [0x00000000c2800000, 0x0000000100000000)
  region size 1024K, 28 young (28672K), 4 survivors (4096K)
 Metaspace       used 54941K, capacity 55458K, committed 55580K, reserved 1097728K
  class space    used 6221K, capacity 6424K, committed 6476K, reserved 1048576K
}
Event: 17.101 GC heap after
{Heap after GC invocations=17 (full 0):
 garbage-first heap   total 92160K, used 47120K [0x00000000c2800000, 0x0000000100000000)
  region size 1024K, 4 young (4096K), 4 survivors (4096K)
 Metaspace       used 54941K, capacity 55458K, committed 55580K, reserved 1097728K
  class space    used 6221K, capacity 6424K, committed 6476K, reserved 1048576K
}

Deoptimization events (20 events):
Event: 17.432 Thread 0x00000200629ca000 Uncommon trap: trap_request=0xffffff4d fr.pc=0x000002006e039d08 relative=0x0000000000000248
Event: 17.432 Thread 0x00000200629ca000 Uncommon trap: reason=unstable_if action=reinterpret pc=0x000002006e039d08 method=java.lang.String.indexOf([BBILjava/lang/String;I)I @ 21 c2
Event: 17.432 Thread 0x00000200629ca000 DEOPT PACKING pc=0x000002006e039d08 sp=0x000000a1b66fd990
Event: 17.432 Thread 0x00000200629ca000 DEOPT UNPACKING pc=0x000002006636742f sp=0x000000a1b66fd820 mode 2
Event: 17.432 Thread 0x00000200629ca000 Uncommon trap: trap_request=0xffffff4d fr.pc=0x000002006e0351c0 relative=0x0000000000000200
Event: 17.432 Thread 0x00000200629ca000 Uncommon trap: reason=unstable_if action=reinterpret pc=0x000002006e0351c0 method=java.lang.String.indexOf([BBILjava/lang/String;I)I @ 21 c2
Event: 17.432 Thread 0x00000200629ca000 DEOPT PACKING pc=0x000002006e0351c0 sp=0x000000a1b66fd8a0
Event: 17.432 Thread 0x00000200629ca000 DEOPT UNPACKING pc=0x000002006636742f sp=0x000000a1b66fd808 mode 2
Event: 17.625 Thread 0x00000200629ca000 DEOPT PACKING pc=0x000002006787e250 sp=0x000000a1b66fd610
Event: 17.625 Thread 0x00000200629ca000 DEOPT UNPACKING pc=0x000002006636724e sp=0x000000a1b66fca98 mode 0
Event: 17.648 Thread 0x00000200629ca000 DEOPT PACKING pc=0x000002006787e250 sp=0x000000a1b66fd5e0
Event: 17.648 Thread 0x00000200629ca000 DEOPT UNPACKING pc=0x000002006636724e sp=0x000000a1b66fca68 mode 0
Event: 17.673 Thread 0x00000200629ca000 DEOPT PACKING pc=0x000002006787e250 sp=0x000000a1b66fd6f0
Event: 17.673 Thread 0x00000200629ca000 DEOPT UNPACKING pc=0x000002006636724e sp=0x000000a1b66fcb78 mode 0
Event: 17.693 Thread 0x00000200629ca000 DEOPT PACKING pc=0x000002006787e250 sp=0x000000a1b66fd6f0
Event: 17.693 Thread 0x00000200629ca000 DEOPT UNPACKING pc=0x000002006636724e sp=0x000000a1b66fcb78 mode 0
Event: 17.715 Thread 0x00000200629ca000 DEOPT PACKING pc=0x000002006787e250 sp=0x000000a1b66fd5e0
Event: 17.715 Thread 0x00000200629ca000 DEOPT UNPACKING pc=0x000002006636724e sp=0x000000a1b66fca68 mode 0
Event: 17.736 Thread 0x00000200629ca000 DEOPT PACKING pc=0x000002006787e250 sp=0x000000a1b66fd680
Event: 17.736 Thread 0x00000200629ca000 DEOPT UNPACKING pc=0x000002006636724e sp=0x000000a1b66fcb08 mode 0

Classes redefined (0 events):
No events

Internal exceptions (20 events):
Event: 4.158 Thread 0x00000200629ca000 Exception <a 'java/lang/NoSuchMethodError'{0x00000000c52a92a8}: 'void java.lang.invoke.DirectMethodHandle$Holder.invokeInterface(java.lang.Object, java.lang.Object)'> (0x00000000c52a92a8) thrown at [./src/hotspot/share/interpreter/linkResolver.cpp, line 773]
Event: 4.328 Thread 0x00000200629ca000 Exception <a 'java/lang/NoSuchMethodError'{0x00000000c65c54b8}: 'void java.lang.invoke.DirectMethodHandle$Holder.invokeVirtual(java.lang.Object, java.lang.Object)'> (0x00000000c65c54b8) thrown at [./src/hotspot/share/interpreter/linkResolver.cpp, line 773]
Event: 4.352 Thread 0x00000200629ca000 Exception <a 'java/lang/NoSuchMethodError'{0x00000000c643c958}: 'int java.lang.invoke.DirectMethodHandle$Holder.invokeVirtual(java.lang.Object, java.lang.Object)'> (0x00000000c643c958) thrown at [./src/hotspot/share/interpreter/linkResolver.cpp, line 773]
Event: 5.940 Thread 0x00000200629ca000 Exception <a 'java/lang/NoSuchMethodError'{0x00000000c5b75fe0}: 'java.lang.Object java.lang.invoke.DirectMethodHandle$Holder.invokeVirtual(java.lang.Object, java.lang.Object, java.lang.Object)'> (0x00000000c5b75fe0) thrown at [./src/hotspot/share/interpreter/linkResolver.cpp, line 773]
Event: 7.868 Thread 0x00000200629ca000 Exception <a 'java/lang/NoSuchMethodError'{0x00000000c6d0f2f8}: 'java.lang.Object java.lang.invoke.Invokers$Holder.linkToTargetMethod(java.lang.Object, int, java.lang.Object)'> (0x00000000c6d0f2f8) thrown at [./src/hotspot/share/interpreter/linkResolver.cpp, line 773]
Event: 8.101 Thread 0x00000200629ca000 Exception <a 'java/lang/NoSuchMethodError'{0x00000000c6c86998}: 'java.lang.Object java.lang.invoke.DirectMethodHandle$Holder.invokeStatic(java.lang.Object, java.lang.Object, java.lang.Object, int)'> (0x00000000c6c86998) thrown at [./src/hotspot/share/interpreter/linkResolver.cpp, line 773]
Event: 8.101 Thread 0x00000200629ca000 Exception <a 'java/lang/NoSuchMethodError'{0x00000000c6c8a608}: 'java.lang.Object java.lang.invoke.DirectMethodHandle$Holder.invokeSpecial(java.lang.Object, java.lang.Object, java.lang.Object, java.lang.Object, int)'> (0x00000000c6c8a608) thrown at [./src/hotspot/share/interpreter/linkResolver.cpp, line 773]
Event: 8.102 Thread 0x00000200629ca000 Exception <a 'java/lang/NoSuchMethodError'{0x00000000c6c8d918}: 'java.lang.Object java.lang.invoke.Invokers$Holder.linkToTargetMethod(java.lang.Object, java.lang.Object, int, java.lang.Object)'> (0x00000000c6c8d918) thrown at [./src/hotspot/share/interpreter/linkResolver.cpp, line 773]
Event: 12.425 Thread 0x00000200629ca000 Exception <a 'java/lang/NoSuchMethodError'{0x00000000c7f0e298}: 'java.lang.Object java.lang.invoke.DirectMethodHandle$Holder.invokeStaticInit(java.lang.Object, java.lang.Object, java.lang.Object)'> (0x00000000c7f0e298) thrown at [./src/hotspot/share/interpreter/linkResolver.cpp, line 773]
Event: 15.008 Thread 0x00000200629ca000 Exception <a 'java/lang/NoSuchMethodError'{0x00000000c782bba0}: 'int java.lang.invoke.DirectMethodHandle$Holder.invokeInterface(java.lang.Object, java.lang.Object)'> (0x00000000c782bba0) thrown at [./src/hotspot/share/interpreter/linkResolver.cpp, line 773]
Event: 15.430 Thread 0x00000200629ca000 Exception <a 'java/lang/NoSuchMethodError'{0x00000000c71e6a60}: 'java.lang.Object java.lang.invoke.Invokers$Holder.linkToTargetMethod(java.lang.Object, java.lang.Object, java.lang.Object, int, int, java.lang.Object)'> (0x00000000c71e6a60) thrown at [./src/hotspot/share/interpreter/linkResolver.cpp, line 773]
Event: 15.457 Thread 0x00000200629ca000 Exception <a 'java/lang/NoSuchMethodError'{0x00000000c7066b70}: 'java.lang.Object java.lang.invoke.Invokers$Holder.linkToTargetMethod(java.lang.Object, java.lang.Object, java.lang.Object, java.lang.Object, java.lang.Object, java.lang.Object)'> (0x00000000c7066b70) thrown at [./src/hotspot/share/interpreter/linkResolver.cpp, line 773]
Event: 15.573 Thread 0x00000200629ca000 Implicit null exception at 0x000002006df1164c to 0x000002006df11728
Event: 15.574 Thread 0x00000200629ca000 Implicit null exception at 0x000002006de5c05e to 0x000002006de5c7ca
Event: 15.574 Thread 0x00000200629ca000 Implicit null exception at 0x000002006de308af to 0x000002006de3091d
Event: 16.232 Thread 0x00000200629ca000 Exception <a 'java/lang/NoSuchMethodError'{0x00000000c77cfc68}: 'java.lang.Object java.lang.invoke.DirectMethodHandle$Holder.invokeInterface(java.lang.Object, java.lang.Object, java.lang.Object)'> (0x00000000c77cfc68) thrown at [./src/hotspot/share/interpreter/linkResolver.cpp, line 773]
Event: 16.232 Thread 0x00000200629ca000 Exception <a 'java/lang/IncompatibleClassChangeError'{0x00000000c77d2e98}: Found class java.lang.Object, but interface was expected> (0x00000000c77d2e98) thrown at [./src/hotspot/share/interpreter/linkResolver.cpp, line 839]
Event: 16.383 Thread 0x00000200629ca000 Exception <a 'java/lang/NoSuchMethodError'{0x00000000c7331e98}: 'java.lang.Object java.lang.invoke.DirectMethodHandle$Holder.invokeStatic(java.lang.Object, int, java.lang.Object, java.lang.Object)'> (0x00000000c7331e98) thrown at [./src/hotspot/share/interpreter/linkResolver.cpp, line 773]
Event: 16.897 Thread 0x00000200629ca000 Implicit null exception at 0x000002006de593f5 to 0x000002006de595bc
Event: 16.983 Thread 0x00000200629ca000 Implicit null exception at 0x000002006e02937c to 0x000002006e029645

Events (20 events):
Event: 17.603 loading class org/jetbrains/kotlin/ir/descriptors/IrBasedDeclarationDescriptor
Event: 17.603 loading class org/jetbrains/kotlin/ir/descriptors/IrBasedDeclarationDescriptor done
Event: 17.604 Executing VM operation: Deoptimize
Event: 17.605 Executing VM operation: Deoptimize done
Event: 17.605 loading class org/jetbrains/kotlin/ir/util/OriginalDescriptorsKt
Event: 17.605 loading class org/jetbrains/kotlin/ir/util/OriginalDescriptorsKt done
Event: 17.606 loading class org/jetbrains/kotlin/ir/util/ScopedTypeParametersResolver
Event: 17.606 loading class org/jetbrains/kotlin/ir/util/ScopedTypeParametersResolver done
Event: 17.607 loading class org/jetbrains/kotlin/ir/util/TypeParametersResolver
Event: 17.607 loading class org/jetbrains/kotlin/ir/util/TypeParametersResolver done
Event: 17.613 loading class org/jetbrains/kotlin/ir/types/impl/IrTypeProjectionImpl
Event: 17.613 loading class org/jetbrains/kotlin/ir/types/impl/IrTypeProjectionImpl done
Event: 17.667 loading class org/jetbrains/kotlin/psi2ir/generators/PropertyGenerator
Event: 17.667 loading class org/jetbrains/kotlin/psi2ir/generators/PropertyGenerator done
Event: 17.846 loading class org/jetbrains/kotlin/ir/types/impl/IrStarProjectionImpl
Event: 17.846 loading class org/jetbrains/kotlin/ir/types/impl/IrStarProjectionImpl done
Event: 17.847 loading class org/jetbrains/kotlin/ir/types/IrStarProjection
Event: 17.847 loading class org/jetbrains/kotlin/ir/types/IrStarProjection done
Event: 17.851 Executing VM operation: ICBufferFull
Event: 17.851 Executing VM operation: ICBufferFull done


Dynamic libraries:
0x00007ff736270000 - 0x00007ff73627a000 	D:\Android\Android Studio\jre\bin\java.exe
0x00007ffd76880000 - 0x00007ffd76a6d000 	C:\Windows\SYSTEM32\ntdll.dll
0x00007ffd756f0000 - 0x00007ffd757a3000 	C:\Windows\System32\KERNEL32.DLL
0x00007ffd72c30000 - 0x00007ffd72ec5000 	C:\Windows\System32\KERNELBASE.dll
0x00007ffd72b30000 - 0x00007ffd72c2a000 	C:\Windows\System32\ucrtbase.dll
0x00007ffd6f420000 - 0x00007ffd6f439000 	D:\Android\Android Studio\jre\bin\jli.dll
0x00007ffd6f270000 - 0x00007ffd6f287000 	D:\Android\Android Studio\jre\bin\VCRUNTIME140.dll
0x00007ffd75ea0000 - 0x00007ffd76038000 	C:\Windows\System32\USER32.dll
0x00007ffd72930000 - 0x00007ffd72950000 	C:\Windows\System32\win32u.dll
0x00007ffd73ab0000 - 0x00007ffd73ad9000 	C:\Windows\System32\GDI32.dll
0x00007ffd72ed0000 - 0x00007ffd7306c000 	C:\Windows\System32\gdi32full.dll
0x00007ffd63d50000 - 0x00007ffd63fc9000 	C:\Windows\WinSxS\amd64_microsoft.windows.common-controls_6595b64144ccf1df_6.0.17763.2114_none_de6e8966534dbac6\COMCTL32.dll
0x00007ffd72950000 - 0x00007ffd729f0000 	C:\Windows\System32\msvcp_win.dll
0x00007ffd75e00000 - 0x00007ffd75e9e000 	C:\Windows\System32\msvcrt.dll
0x00007ffd76040000 - 0x00007ffd7636d000 	C:\Windows\System32\combase.dll
0x00007ffd758c0000 - 0x00007ffd759df000 	C:\Windows\System32\RPCRT4.dll
0x00007ffd73070000 - 0x00007ffd730f2000 	C:\Windows\System32\bcryptPrimitives.dll
0x00007ffd763e0000 - 0x00007ffd7640e000 	C:\Windows\System32\IMM32.DLL
0x00007ffd6d640000 - 0x00007ffd6d6dd000 	D:\Android\Android Studio\jre\bin\msvcp140.dll
0x00007ffd3dbe0000 - 0x00007ffd3e69c000 	D:\Android\Android Studio\jre\bin\server\jvm.dll
0x00007ffd75d50000 - 0x00007ffd75df4000 	C:\Windows\System32\ADVAPI32.dll
0x00007ffd759e0000 - 0x00007ffd75a7e000 	C:\Windows\System32\sechost.dll
0x00007ffd765e0000 - 0x00007ffd765e8000 	C:\Windows\System32\PSAPI.DLL
0x00007ffd6ee30000 - 0x00007ffd6ee39000 	C:\Windows\SYSTEM32\WSOCK32.dll
0x00007ffd709b0000 - 0x00007ffd709d4000 	C:\Windows\SYSTEM32\WINMM.dll
0x00007ffd70980000 - 0x00007ffd709ad000 	C:\Windows\SYSTEM32\WINMMBASE.dll
0x00007ffd73100000 - 0x00007ffd7314a000 	C:\Windows\System32\cfgmgr32.dll
0x00007ffd76570000 - 0x00007ffd765dd000 	C:\Windows\System32\WS2_32.dll
0x00007ffd64ab0000 - 0x00007ffd64aba000 	C:\Windows\SYSTEM32\VERSION.dll
0x00007ffd728e0000 - 0x00007ffd728f1000 	C:\Windows\System32\kernel.appcore.dll
0x00007ffd6cac0000 - 0x00007ffd6cad1000 	D:\Android\Android Studio\jre\bin\verify.dll
0x00007ffd62320000 - 0x00007ffd6250d000 	C:\Windows\SYSTEM32\DBGHELP.DLL
0x00007ffd62110000 - 0x00007ffd6213a000 	C:\Windows\SYSTEM32\dbgcore.DLL
0x00007ffd6b600000 - 0x00007ffd6b629000 	D:\Android\Android Studio\jre\bin\java.dll
0x00007ffd6cab0000 - 0x00007ffd6cabb000 	D:\Android\Android Studio\jre\bin\jimage.dll
0x00007ffd6b5e0000 - 0x00007ffd6b5f8000 	D:\Android\Android Studio\jre\bin\zip.dll
0x00007ffd74090000 - 0x00007ffd75589000 	C:\Windows\System32\SHELL32.dll
0x00007ffd765f0000 - 0x00007ffd76698000 	C:\Windows\System32\shcore.dll
0x00007ffd73150000 - 0x00007ffd7389b000 	C:\Windows\System32\windows.storage.dll
0x00007ffd72900000 - 0x00007ffd72924000 	C:\Windows\System32\profapi.dll
0x00007ffd72880000 - 0x00007ffd728dd000 	C:\Windows\System32\powrprof.dll
0x00007ffd76430000 - 0x00007ffd76482000 	C:\Windows\System32\shlwapi.dll
0x00007ffd738a0000 - 0x00007ffd738b7000 	C:\Windows\System32\cryptsp.dll
0x00007ffd6b5c0000 - 0x00007ffd6b5da000 	D:\Android\Android Studio\jre\bin\net.dll
0x00007ffd69b10000 - 0x00007ffd69c01000 	C:\Windows\SYSTEM32\WINHTTP.dll
0x00007ffd72050000 - 0x00007ffd720b7000 	C:\Windows\system32\mswsock.dll
0x00007ffd6b5a0000 - 0x00007ffd6b5b4000 	D:\Android\Android Studio\jre\bin\nio.dll

dbghelp: loaded successfully - version: 4.0.5 - missing functions: none
symbol engine: initialized successfully - sym options: 0x614 - pdb path: .;D:\Android\Android Studio\jre\bin;C:\Windows\SYSTEM32;C:\Windows\WinSxS\amd64_microsoft.windows.common-controls_6595b64144ccf1df_6.0.17763.2114_none_de6e8966534dbac6;D:\Android\Android Studio\jre\bin\server

VM Arguments:
java_command: org.jetbrains.kotlin.cli.jvm.K2JVMCompiler @D:\AndroidProjects\Affirmation\app\build\20210813_11120174032752993060.compiler.options
java_class_path (initial): C:\Users\Home\.gradle\caches\modules-2\files-2.1\org.jetbrains.kotlin\kotlin-compiler-embeddable\1.5.21\40ddbcae9ff100473f95370c2d589ba3fc48eed5\kotlin-compiler-embeddable-1.5.21.jar;C:\Users\Home\.gradle\caches\modules-2\files-2.1\org.jetbrains.kotlin\kotlin-reflect\1.5.21\802f1f39735ae1eb2b75714a40fa19bb2e687e96\kotlin-reflect-1.5.21.jar;C:\Users\Home\.gradle\caches\modules-2\files-2.1\org.jetbrains.kotlin\kotlin-stdlib\1.5.21\2f537cad7e9eeb9da73738c8812e1e4cf9b62e4e\kotlin-stdlib-1.5.21.jar;C:\Users\Home\.gradle\caches\modules-2\files-2.1\org.jetbrains.kotlin\kotlin-script-runtime\1.5.21\96d49e89873fde985750af354b6eabb60cfa999b\kotlin-script-runtime-1.5.21.jar;C:\Users\Home\.gradle\caches\modules-2\files-2.1\org.jetbrains.kotlin\kotlin-daemon-embeddable\1.5.21\17255809e66a940dfdf6289bccbdfb5a09f3145\kotlin-daemon-embeddable-1.5.21.jar;C:\Users\Home\.gradle\caches\modules-2\files-2.1\org.jetbrains.intellij.deps\trove4j\1.0.20181211\216c2e14b070f334479d800987affe4054cd563f\trove4j-1.0.20181211.jar;C:\Users\Home\.gradle\caches\modules-2\files-2.1\org.jetbrains\annotations\13.0\919f0dfe192fb4e063e7dacadee7f8bb9a2672a9\annotations-13.0.jar;C:\Users\Home\.gradle\caches\modules-2\files-2.1\org.jetbrains.kotlin\kotlin-stdlib-common\1.5.21\cc8bf3586fd2ebcf234058b9440bb406e62dfacb\kotlin-stdlib-common-1.5.21.jar
Launcher Type: SUN_STANDARD

[Global flags]
     intx CICompilerCount                          = 3                                         {product} {ergonomic}
     uint ConcGCThreads                            = 1                                         {product} {ergonomic}
     uint G1ConcRefinementThreads                  = 4                                         {product} {ergonomic}
   size_t G1HeapRegionSize                         = 1048576                                   {product} {ergonomic}
    uintx GCDrainStackTargetSize                   = 64                                        {product} {ergonomic}
   size_t InitialHeapSize                          = 65011712                                  {product} {ergonomic}
   size_t MarkStackSize                            = 4194304                                   {product} {ergonomic}
   size_t MaxHeapSize                              = 1031798784                                {product} {ergonomic}
   size_t MaxNewSize                               = 618659840                                 {product} {ergonomic}
   size_t MinHeapDeltaBytes                        = 1048576                                   {product} {ergonomic}
    uintx NonNMethodCodeHeapSize                   = 5830732                                {pd product} {ergonomic}
    uintx NonProfiledCodeHeapSize                  = 122913754                              {pd product} {ergonomic}
    uintx ProfiledCodeHeapSize                     = 122913754                              {pd product} {ergonomic}
    uintx ReservedCodeCacheSize                    = 251658240                              {pd product} {ergonomic}
     bool SegmentedCodeCache                       = true                                      {product} {ergonomic}
     bool UseCompressedClassPointers               = true                                 {lp64_product} {ergonomic}
     bool UseCompressedOops                        = true                                 {lp64_product} {ergonomic}
     bool UseG1GC                                  = true                                      {product} {ergonomic}
     bool UseLargePagesIndividualAllocation        = false                                  {pd product} {ergonomic}

Logging:
Log output configuration:
 #0: stdout all=warning uptime,level,tags
 #1: stderr all=off uptime,level,tags

Environment Variables:
PATH=C:\Program Files (x86)\Common Files\Oracle\Java\javapath;C:\Windows\system32;C:\Windows;C:\Windows\System32\Wbem;C:\Windows\System32\WindowsPowerShell\v1.0\;C:\Windows\System32\OpenSSH\;D:\AndroidProjects\Git\cmd;C:\Users\Home\AppData\Local\Microsoft\WindowsApps;
USERNAME=Home
OS=Windows_NT
PROCESSOR_IDENTIFIER=Intel64 Family 6 Model 42 Stepping 7, GenuineIntel



---------------  S Y S T E M  ---------------

OS: Windows 10 , 64 bit Build 17763 (10.0.17763.2090)
OS uptime: 0 days 1:42 hours

CPU:total 4 (initial active 4) (2 cores per cpu, 2 threads per core) family 6 model 42 stepping 7, cmov, cx8, fxsr, mmx, sse, sse2, sse3, ssse3, sse4.1, sse4.2, popcnt, avx, clmul, ht, tsc, tscinvbit

Memory: 4k page, system-wide physical 3932M (692M free)
TotalPageFile size 4732M (AvailPageFile size 7M)
current process WorkingSet (physical memory assigned to process): 268M, peak: 271M
current process commit charge ("private bytes"): 296M, peak: 314M

vm_info: OpenJDK 64-Bit Server VM (11.0.8+10-b944.6842174) for windows-amd64 JRE (11.0.8+10-b944.6842174), built on Sep 19 2020 01:11:42 by "builder" with MS VC++ 14.0 (VS2015)

END.
